#
# A fatal error has been detected by the Java Runtime Environment:
#
#  SIGBUS (0x7) at pc=0x00007fa4822ef2ed, pid=17312, tid=0x00007fa452bfd700
#
# JRE version: OpenJDK Runtime Environment (8.0_131-b11) (build 1.8.0_131-b11)
# Java VM: OpenJDK 64-Bit Server VM (25.131-b11 mixed mode linux-amd64 compressed oops)
# Problematic frame:
# C  [libzip.so+0x52ed]
#
# Failed to write core dump. Core dumps have been disabled. To enable core dumping, try "ulimit -c unlimited" before starting Java again
#
# If you would like to submit a bug report, please visit:
#   http://bugreport.java.com/bugreport/crash.jsp
# The crash happened outside the Java Virtual Machine in native code.
# See problematic frame for where to report the bug.
#

---------------  T H R E A D  ---------------

Current thread (0x00007fa41d069800):  JavaThread "HikariPool-1 connection closer" daemon [_thread_in_native, id=17485, stack(0x00007fa452afd000,0x00007fa452bfe000)]

siginfo: si_signo: 7 (SIGBUS), si_code: 2 (BUS_ADRERR), si_addr: 0x00007fa4597a827c

Registers:
RAX=0x00007fa404069580, RBX=0x00007fa41c137360, RCX=0x0000000000000000, RDX=0x00007fa404069580
RSP=0x00007fa452bfa4d0, RBP=0x00007fa452bfa530, RSI=0x00007fa404000038, RDI=0x00007fa404000020
R8 =0x0000000000000003, R9 =0x0000000000000048, R10=0x0000000000000005, R11=0x00007fa484a1ef50
R12=0x00007fa41c170888, R13=0x00007fa4597a825f, R14=0x00007fa404069580, R15=0x00007fa41c137360
RIP=0x00007fa4822ef2ed, EFLAGS=0x0000000000010206, CSGSFS=0x0000000000000033, ERR=0x0000000000000004
  TRAPNO=0x000000000000000e

Top of Stack: (sp=0x00007fa452bfa4d0)
0x00007fa452bfa4d0:   00007fa452bfa5a0 00007fa452bfa7c8
0x00007fa452bfa4e0:   00007fa41d069800 0000000052bfa7c0
0x00007fa452bfa4f0:   00007fa41d069800 00007fa4841cb29e
0x00007fa452bfa500:   0000000000000038 00007fa41c170880
0x00007fa452bfa510:   00000000c45042ed 00007fa452bfa5d7
0x00007fa452bfa520:   00007fa41d01c8e0 00007fa41c137360
0x00007fa452bfa530:   00007fa452bfa580 00007fa4822f0114
0x00007fa452bfa540:   00007fa452bfa5a0 0000003801ce6400
0x00007fa452bfa550:   00007fa452bfa580 0000000000000038
0x00007fa452bfa560:   00007fa41d0699e0 00007fa452bfa9f8
0x00007fa452bfa570:   00007fa452bfaa20 0000000000000001
0x00007fa452bfa580:   00007fa452bfa9e0 00007fa4822edcfd
0x00007fa452bfa590:   00007fa452bfa5a0 00007fa41c137360
0x00007fa452bfa5a0:   6972616d2f67726f 6362646a2f626461
0x00007fa452bfa5b0:   616e7265746e692f 65732f6d6f632f6c
0x00007fa452bfa5c0:   43646e65532f646e 6b63615065736f6c
0x00007fa452bfa5d0:   7373616c632e7465 00007fa452bf0000
0x00007fa452bfa5e0:   00007fa460528d48 14bc7a31cdce6400
0x00007fa452bfa5f0:   00007fa452bfa620 00007fa452bfa7c0
0x00007fa452bfa600:   00007fa452bfa6b0 00007fa452bfa6f0
0x00007fa452bfa610:   00007fa452bfa810 00007fa452bfa7c0
0x00007fa452bfa620:   00007fa452bfa7a0 00007fa483fe6963
0x00007fa452bfa630:   00007fa400000000 00007fa460528d28
0x00007fa452bfa640:   00007fa452bfa620 00007fa40000000d
0x00007fa452bfa650:   00007fa41d0699e0 00007fa452bfa7c0
0x00007fa452bfa660:   00007fa460132e48 00007fa41d069800
0x00007fa452bfa670:   00007fa460132e48 00007fa41d069800
0x00007fa452bfa680:   00007fa41cd331d0 00007fa42c541440
0x00007fa452bfa690:   00007fa42c541450 00007fa42c541828
0x00007fa452bfa6a0:   00000000000003d8 00007fa42c541450
0x00007fa452bfa6b0:   00007fa460132e48 00007fa41d069800
0x00007fa452bfa6c0:   0000000000000000 00007fa400000040 

Instructions: (pc=0x00007fa4822ef2ed)
0x00007fa4822ef2cd:   73 48 48 8b 7b 10 b9 a0 00 00 00 49 8b 14 24 e8
0x00007fa4822ef2dd:   8f fe ff ff 49 89 c5 4d 85 ed 0f 84 e3 04 00 00
0x00007fa4822ef2ed:   45 0f b6 55 1d 41 0f b6 45 1c 45 31 e4 41 0f b6
0x00007fa4822ef2fd:   55 0d 41 0f b6 75 0e 45 0f b6 7d 1f 41 c1 e2 08 

Register to memory mapping:

RAX=0x00007fa404069580 is an unknown value
RBX=0x00007fa41c137360 is an unknown value
RCX=0x0000000000000000 is an unknown value
RDX=0x00007fa404069580 is an unknown value
RSP=0x00007fa452bfa4d0 is pointing into the stack for thread: 0x00007fa41d069800
RBP=0x00007fa452bfa530 is pointing into the stack for thread: 0x00007fa41d069800
RSI=0x00007fa404000038 is an unknown value
RDI=0x00007fa404000020 is an unknown value
R8 =0x0000000000000003 is an unknown value
R9 =0x0000000000000048 is an unknown value
R10=0x0000000000000005 is an unknown value
R11=0x00007fa484a1ef50: <offset 0x180f50> in /lib64/libc.so.6 at 0x00007fa48489e000
R12=0x00007fa41c170888 is an unknown value
R13=0x00007fa4597a825f is an unknown value
R14=0x00007fa404069580 is an unknown value
R15=0x00007fa41c137360 is an unknown value


Stack: [0x00007fa452afd000,0x00007fa452bfe000],  sp=0x00007fa452bfa4d0,  free space=1013k
Native frames: (J=compiled Java code, j=interpreted, Vv=VM code, C=native code)
C  [libzip.so+0x52ed]
C  [libzip.so+0x6114]
C  [libzip.so+0x3cfd]  Java_java_util_zip_ZipFile_getEntry+0xfd
J 121  java.util.zip.ZipFile.getEntry(J[BZ)J (0 bytes) @ 0x00007fa46d149c4e [0x00007fa46d149b80+0xce]
J 5525 C2 java.util.zip.ZipFile.getEntry(Ljava/lang/String;)Ljava/util/zip/ZipEntry; (86 bytes) @ 0x00007fa46dccd02c [0x00007fa46dcccce0+0x34c]
J 5046 C2 sun.misc.URLClassPath$JarLoader.getResource(Ljava/lang/String;Z)Lsun/misc/Resource; (85 bytes) @ 0x00007fa46d371dac [0x00007fa46d371c20+0x18c]
J 497 C2 sun.misc.URLClassPath.getResource(Ljava/lang/String;Z)Lsun/misc/Resource; (83 bytes) @ 0x00007fa46d2889ec [0x00007fa46d288900+0xec]
J 6669 C2 java.net.URLClassLoader$1.run()Ljava/lang/Object; (5 bytes) @ 0x00007fa46e2f7aa4 [0x00007fa46e2f75e0+0x4c4]
v  ~StubRoutines::call_stub
V  [libjvm.so+0x6420ca]
V  [libjvm.so+0x691abd]  JVM_DoPrivileged+0x55d
J 157  java.security.AccessController.doPrivileged(Ljava/security/PrivilegedExceptionAction;Ljava/security/AccessControlContext;)Ljava/lang/Object; (0 bytes) @ 0x00007fa46d15fbd5 [0x00007fa46d15fb00+0xd5]
J 3687 C2 java.net.URLClassLoader.findClass(Ljava/lang/String;)Ljava/lang/Class; (47 bytes) @ 0x00007fa46dd2f77c [0x00007fa46dd2f6e0+0x9c]
J 4919 C2 java.lang.ClassLoader.loadClass(Ljava/lang/String;Z)Ljava/lang/Class; (122 bytes) @ 0x00007fa46d2b26e8 [0x00007fa46d2b1ae0+0xc08]
J 5728 C2 java.lang.ClassLoader.loadClass(Ljava/lang/String;)Ljava/lang/Class; (7 bytes) @ 0x00007fa46e06b1e0 [0x00007fa46e06b1a0+0x40]
v  ~StubRoutines::call_stub
V  [libjvm.so+0x6420ca]
V  [libjvm.so+0x63f564]
V  [libjvm.so+0x63fc05]
V  [libjvm.so+0x98af18]
V  [libjvm.so+0x98b84f]
V  [libjvm.so+0x98bce8]
V  [libjvm.so+0x4be603]
V  [libjvm.so+0x4bf3f6]
V  [libjvm.so+0x75ad32]
V  [libjvm.so+0x75cb98]
V  [libjvm.so+0x7608b0]
V  [libjvm.so+0x639b4e]
j  org.mariadb.jdbc.internal.protocol.AbstractConnectProtocol.close()V+31
j  org.mariadb.jdbc.internal.protocol.AbstractQueryProtocol.closeExplicit()V+6
j  org.mariadb.jdbc.MariaDbConnection.close()V+23
j  com.zaxxer.hikari.pool.PoolBase.quietlyCloseConnection(Ljava/sql/Connection;Ljava/lang/String;)V+49
j  com.zaxxer.hikari.pool.HikariPool.lambda$closeConnection$1(Ljava/sql/Connection;Ljava/lang/String;)V+3
j  com.zaxxer.hikari.pool.HikariPool$$Lambda$374.run()V+12
j  java.util.concurrent.ThreadPoolExecutor.runWorker(Ljava/util/concurrent/ThreadPoolExecutor$Worker;)V+95
j  java.util.concurrent.ThreadPoolExecutor$Worker.run()V+5
j  java.lang.Thread.run()V+11
v  ~StubRoutines::call_stub
V  [libjvm.so+0x6420ca]
V  [libjvm.so+0x63f564]
V  [libjvm.so+0x63fb79]
V  [libjvm.so+0x683101]
V  [libjvm.so+0x9bfee2]
V  [libjvm.so+0x872be2]
C  [libpthread.so.0+0x7dc5]  start_thread+0xc5

Java frames: (J=compiled Java code, j=interpreted, Vv=VM code)
J 121  java.util.zip.ZipFile.getEntry(J[BZ)J (0 bytes) @ 0x00007fa46d149bd8 [0x00007fa46d149b80+0x58]
J 5525 C2 java.util.zip.ZipFile.getEntry(Ljava/lang/String;)Ljava/util/zip/ZipEntry; (86 bytes) @ 0x00007fa46dccd02c [0x00007fa46dcccce0+0x34c]
J 5046 C2 sun.misc.URLClassPath$JarLoader.getResource(Ljava/lang/String;Z)Lsun/misc/Resource; (85 bytes) @ 0x00007fa46d371dac [0x00007fa46d371c20+0x18c]
J 497 C2 sun.misc.URLClassPath.getResource(Ljava/lang/String;Z)Lsun/misc/Resource; (83 bytes) @ 0x00007fa46d2889ec [0x00007fa46d288900+0xec]
J 6669 C2 java.net.URLClassLoader$1.run()Ljava/lang/Object; (5 bytes) @ 0x00007fa46e2f7aa4 [0x00007fa46e2f75e0+0x4c4]
v  ~StubRoutines::call_stub
J 157  java.security.AccessController.doPrivileged(Ljava/security/PrivilegedExceptionAction;Ljava/security/AccessControlContext;)Ljava/lang/Object; (0 bytes) @ 0x00007fa46d15fb63 [0x00007fa46d15fb00+0x63]
J 3687 C2 java.net.URLClassLoader.findClass(Ljava/lang/String;)Ljava/lang/Class; (47 bytes) @ 0x00007fa46dd2f77c [0x00007fa46dd2f6e0+0x9c]
J 4919 C2 java.lang.ClassLoader.loadClass(Ljava/lang/String;Z)Ljava/lang/Class; (122 bytes) @ 0x00007fa46d2b26e8 [0x00007fa46d2b1ae0+0xc08]
J 5728 C2 java.lang.ClassLoader.loadClass(Ljava/lang/String;)Ljava/lang/Class; (7 bytes) @ 0x00007fa46e06b1e0 [0x00007fa46e06b1a0+0x40]
v  ~StubRoutines::call_stub
j  org.mariadb.jdbc.internal.protocol.AbstractConnectProtocol.close()V+31
j  org.mariadb.jdbc.internal.protocol.AbstractQueryProtocol.closeExplicit()V+6
j  org.mariadb.jdbc.MariaDbConnection.close()V+23
j  com.zaxxer.hikari.pool.PoolBase.quietlyCloseConnection(Ljava/sql/Connection;Ljava/lang/String;)V+49
j  com.zaxxer.hikari.pool.HikariPool.lambda$closeConnection$1(Ljava/sql/Connection;Ljava/lang/String;)V+3
j  com.zaxxer.hikari.pool.HikariPool$$Lambda$374.run()V+12
j  java.util.concurrent.ThreadPoolExecutor.runWorker(Ljava/util/concurrent/ThreadPoolExecutor$Worker;)V+95
j  java.util.concurrent.ThreadPoolExecutor$Worker.run()V+5
j  java.lang.Thread.run()V+11
v  ~StubRoutines::call_stub

---------------  P R O C E S S  ---------------

Java Threads: ( => current thread )
=>0x00007fa41d069800 JavaThread "HikariPool-1 connection closer" daemon [_thread_in_native, id=17485, stack(0x00007fa452afd000,0x00007fa452bfe000)]
  0x00007fa400004000 JavaThread "Thread-6" [_thread_blocked, id=17484, stack(0x00007fa459873000,0x00007fa459974000)]
  0x00007fa430001000 JavaThread "SIGINT handler" daemon [_thread_blocked, id=17481, stack(0x00007fa452bfe000,0x00007fa452cff000)]
  0x00007fa41d0de000 JavaThread "http-nio-8080-AsyncTimeout" daemon [_thread_blocked, id=17475, stack(0x00007fa4515ec000,0x00007fa4516ed000)]
  0x00007fa41d0dc800 JavaThread "http-nio-8080-Acceptor-0" daemon [_thread_in_native, id=17474, stack(0x00007fa4516ed000,0x00007fa4517ee000)]
  0x00007fa41d0d9800 JavaThread "http-nio-8080-ClientPoller-1" daemon [_thread_in_native, id=17473, stack(0x00007fa4517ee000,0x00007fa4518ef000)]
  0x00007fa41d0cb800 JavaThread "http-nio-8080-ClientPoller-0" daemon [_thread_in_native, id=17472, stack(0x00007fa4518ef000,0x00007fa4519f0000)]
  0x00007fa41d0b3800 JavaThread "http-nio-8080-exec-10" daemon [_thread_blocked, id=17471, stack(0x00007fa4519f0000,0x00007fa451af1000)]
  0x00007fa41d0b1800 JavaThread "http-nio-8080-exec-9" daemon [_thread_blocked, id=17470, stack(0x00007fa451af1000,0x00007fa451bf2000)]
  0x00007fa41d0af800 JavaThread "http-nio-8080-exec-8" daemon [_thread_blocked, id=17469, stack(0x00007fa451bf2000,0x00007fa451cf3000)]
  0x00007fa41d0ad800 JavaThread "http-nio-8080-exec-7" daemon [_thread_blocked, id=17468, stack(0x00007fa451cf3000,0x00007fa451df4000)]
  0x00007fa41d0ab800 JavaThread "http-nio-8080-exec-6" daemon [_thread_blocked, id=17467, stack(0x00007fa451df4000,0x00007fa451ef5000)]
  0x00007fa41d0a9800 JavaThread "http-nio-8080-exec-5" daemon [_thread_blocked, id=17466, stack(0x00007fa451ef5000,0x00007fa451ff6000)]
  0x00007fa41d0a7800 JavaThread "http-nio-8080-exec-4" daemon [_thread_blocked, id=17465, stack(0x00007fa451ff6000,0x00007fa4520f7000)]
  0x00007fa41d0a5800 JavaThread "http-nio-8080-exec-3" daemon [_thread_blocked, id=17464, stack(0x00007fa4520f7000,0x00007fa4521f8000)]
  0x00007fa41d0a3800 JavaThread "http-nio-8080-exec-2" daemon [_thread_blocked, id=17463, stack(0x00007fa4521f8000,0x00007fa4522f9000)]
  0x00007fa41d0a2000 JavaThread "http-nio-8080-exec-1" daemon [_thread_blocked, id=17462, stack(0x00007fa4522f9000,0x00007fa4523fa000)]
  0x00007fa41d09f000 JavaThread "NioBlockingSelector.BlockPoller-1" daemon [_thread_in_native, id=17461, stack(0x00007fa4523fa000,0x00007fa4524fb000)]
  0x00007fa41cd3a000 JavaThread "container-0" [_thread_blocked, id=17460, stack(0x00007fa4528fb000,0x00007fa4529fc000)]
  0x00007fa41cd37800 JavaThread "ContainerBackgroundProcessor[StandardEngine[Tomcat]]" daemon [_thread_blocked, id=17459, stack(0x00007fa4529fc000,0x00007fa452afd000)]
  0x00007fa41c3de000 JavaThread "AsyncAppender-Worker-ASYNC" daemon [_thread_blocked, id=17348, stack(0x00007fa458452000,0x00007fa458553000)]
  0x00007fa41c30b800 JavaThread "AsyncAppender-Worker-ASYNC" daemon [_thread_blocked, id=17346, stack(0x00007fa45909c000,0x00007fa45919d000)]
  0x00007fa47c0dd000 JavaThread "Service Thread" daemon [_thread_blocked, id=17342, stack(0x00007fa45adee000,0x00007fa45aeef000)]
  0x00007fa47c0cf800 JavaThread "C1 CompilerThread2" daemon [_thread_blocked, id=17341, stack(0x00007fa45aeef000,0x00007fa45aff0000)]
  0x00007fa47c0ce000 JavaThread "C2 CompilerThread1" daemon [_thread_blocked, id=17340, stack(0x00007fa45aff0000,0x00007fa45b0f1000)]
  0x00007fa47c0c0800 JavaThread "C2 CompilerThread0" daemon [_thread_blocked, id=17339, stack(0x00007fa45b0f1000,0x00007fa45b1f2000)]
  0x00007fa47c0be800 JavaThread "Signal Dispatcher" daemon [_thread_blocked, id=17338, stack(0x00007fa45b1f2000,0x00007fa45b2f3000)]
  0x00007fa47c094000 JavaThread "Finalizer" daemon [_thread_blocked, id=17337, stack(0x00007fa45b2f3000,0x00007fa45b3f4000)]
  0x00007fa47c08f800 JavaThread "Reference Handler" daemon [_thread_blocked, id=17336, stack(0x00007fa45b3f4000,0x00007fa45b4f5000)]
  0x00007fa47c00a000 JavaThread "main" [_thread_blocked, id=17329, stack(0x00007fa4855a0000,0x00007fa4856a1000)]

Other Threads:
  0x00007fa47c086000 VMThread [stack: 0x00007fa45b4f5000,0x00007fa45b5f6000] [id=17335]
  0x00007fa47c0df000 WatcherThread [stack: 0x00007fa45aced000,0x00007fa45adee000] [id=17343]

VM state:not at safepoint (normal execution)

VM Mutex/Monitor currently owned by a thread: None

Heap:
 PSYoungGen      total 393216K, used 74684K [0x0000000743400000, 0x000000075fe80000, 0x00000007c0000000)
  eden space 363008K, 20% used [0x0000000743400000,0x0000000747cef0e0,0x0000000759680000)
  from space 30208K, 0% used [0x0000000759680000,0x0000000759680000,0x000000075b400000)
  to   space 31744K, 0% used [0x000000075df80000,0x000000075df80000,0x000000075fe80000)
 ParOldGen       total 317440K, used 49329K [0x0000000649c00000, 0x000000065d200000, 0x0000000743400000)
  object space 317440K, 15% used [0x0000000649c00000,0x000000064cc2c560,0x000000065d200000)
 Metaspace       used 58010K, capacity 59914K, committed 60120K, reserved 1101824K
  class space    used 7265K, capacity 7669K, committed 7680K, reserved 1048576K

Card table byte_map: [0x00007fa481377000,0x00007fa481f2a000] byte_map_base: 0x00007fa47e129000

Marking Bits: (ParMarkBitMap*) 0x00007fa484881380
 Begin Bits: [0x00007fa4614e0000, 0x00007fa467270000)
 End Bits:   [0x00007fa467270000, 0x00007fa46d000000)

Polling page: 0x00007fa4856c3000

CodeCache: size=245760Kb used=19448Kb max_used=19461Kb free=226312Kb
 bounds [0x00007fa46d000000, 0x00007fa46e320000, 0x00007fa47c000000]
 total_blobs=6150 nmethods=5672 adapters=391
 compilation: enabled

Compilation events (10 events):
Event: 74.380 Thread 0x00007fa47c0cf800 6781       3       java.util.concurrent.ConcurrentHashMap$MapEntry::<init> (20 bytes)
Event: 74.380 Thread 0x00007fa47c0cf800 nmethod 6781 0x00007fa46e2f1d50 code [0x00007fa46e2f1ec0, 0x00007fa46e2f20b0]
Event: 74.380 Thread 0x00007fa47c0cf800 6783   !   3       java.util.concurrent.ConcurrentHashMap::clear (176 bytes)
Event: 74.381 Thread 0x00007fa47c0cf800 nmethod 6783 0x00007fa46e2f09d0 code [0x00007fa46e2f0bc0, 0x00007fa46e2f1898]
Event: 74.381 Thread 0x00007fa47c0cf800 6782       3       java.util.concurrent.ConcurrentHashMap$BaseIterator::remove (37 bytes)
Event: 74.381 Thread 0x00007fa47c0cf800 nmethod 6782 0x00007fa46e2f03d0 code [0x00007fa46e2f0560, 0x00007fa46e2f0898]
Event: 74.381 Thread 0x00007fa47c0cf800 6784       1       org.springframework.beans.factory.support.DefaultSingletonBeanRegistry::getSingletonMutex (5 bytes)
Event: 74.381 Thread 0x00007fa47c0cf800 nmethod 6784 0x00007fa46e2f0110 code [0x00007fa46e2f0260, 0x00007fa46e2f0370]
Event: 74.382 Thread 0x00007fa47c0cf800 6785       3       java.util.concurrent.ScheduledThreadPoolExecutor$DelayedWorkQueue::setIndex (16 bytes)
Event: 74.382 Thread 0x00007fa47c0cf800 nmethod 6785 0x00007fa46e2efb50 code [0x00007fa46e2efcc0, 0x00007fa46e2f0030]

GC Heap History (10 events):
Event: 4.085 GC heap before
{Heap before GC invocations=6 (full 1):
 PSYoungGen      total 272896K, used 100779K [0x0000000743400000, 0x0000000754900000, 0x00000007c0000000)
  eden space 262144K, 38% used [0x0000000743400000,0x000000074966aeb8,0x0000000753400000)
  from space 10752K, 0% used [0x0000000753e80000,0x0000000753e80000,0x0000000754900000)
  to   space 10752K, 0% used [0x0000000753400000,0x0000000753400000,0x0000000753e80000)
 ParOldGen       total 175104K, used 20711K [0x0000000649c00000, 0x0000000654700000, 0x0000000743400000)
  object space 175104K, 11% used [0x0000000649c00000,0x000000064b039df0,0x0000000654700000)
 Metaspace       used 34344K, capacity 35248K, committed 35416K, reserved 1081344K
  class space    used 4139K, capacity 4426K, committed 4480K, reserved 1048576K
Event: 4.100 GC heap after
Heap after GC invocations=6 (full 1):
 PSYoungGen      total 272896K, used 10739K [0x0000000743400000, 0x000000075d180000, 0x00000007c0000000)
  eden space 262144K, 0% used [0x0000000743400000,0x0000000743400000,0x0000000753400000)
  from space 10752K, 99% used [0x0000000753400000,0x0000000753e7cfb8,0x0000000753e80000)
  to   space 17920K, 0% used [0x000000075c000000,0x000000075c000000,0x000000075d180000)
 ParOldGen       total 175104K, used 23623K [0x0000000649c00000, 0x0000000654700000, 0x0000000743400000)
  object space 175104K, 13% used [0x0000000649c00000,0x000000064b311e50,0x0000000654700000)
 Metaspace       used 34344K, capacity 35248K, committed 35416K, reserved 1081344K
  class space    used 4139K, capacity 4426K, committed 4480K, reserved 1048576K
}
Event: 4.100 GC heap before
{Heap before GC invocations=7 (full 2):
 PSYoungGen      total 272896K, used 10739K [0x0000000743400000, 0x000000075d180000, 0x00000007c0000000)
  eden space 262144K, 0% used [0x0000000743400000,0x0000000743400000,0x0000000753400000)
  from space 10752K, 99% used [0x0000000753400000,0x0000000753e7cfb8,0x0000000753e80000)
  to   space 17920K, 0% used [0x000000075c000000,0x000000075c000000,0x000000075d180000)
 ParOldGen       total 175104K, used 23623K [0x0000000649c00000, 0x0000000654700000, 0x0000000743400000)
  object space 175104K, 13% used [0x0000000649c00000,0x000000064b311e50,0x0000000654700000)
 Metaspace       used 34344K, capacity 35248K, committed 35416K, reserved 1081344K
  class space    used 4139K, capacity 4426K, committed 4480K, reserved 1048576K
Event: 4.169 GC heap after
Heap after GC invocations=7 (full 2):
 PSYoungGen      total 272896K, used 0K [0x0000000743400000, 0x000000075d180000, 0x00000007c0000000)
  eden space 262144K, 0% used [0x0000000743400000,0x0000000743400000,0x0000000753400000)
  from space 10752K, 0% used [0x0000000753400000,0x0000000753400000,0x0000000753e80000)
  to   space 17920K, 0% used [0x000000075c000000,0x000000075c000000,0x000000075d180000)
 ParOldGen       total 215040K, used 31699K [0x0000000649c00000, 0x0000000656e00000, 0x0000000743400000)
  object space 215040K, 14% used [0x0000000649c00000,0x000000064baf4cf0,0x0000000656e00000)
 Metaspace       used 34344K, capacity 35248K, committed 35416K, reserved 1081344K
  class space    used 4139K, capacity 4426K, committed 4480K, reserved 1048576K
}
Event: 5.851 GC heap before
{Heap before GC invocations=8 (full 2):
 PSYoungGen      total 272896K, used 262144K [0x0000000743400000, 0x000000075d180000, 0x00000007c0000000)
  eden space 262144K, 100% used [0x0000000743400000,0x0000000753400000,0x0000000753400000)
  from space 10752K, 0% used [0x0000000753400000,0x0000000753400000,0x0000000753e80000)
  to   space 17920K, 0% used [0x000000075c000000,0x000000075c000000,0x000000075d180000)
 ParOldGen       total 215040K, used 31699K [0x0000000649c00000, 0x0000000656e00000, 0x0000000743400000)
  object space 215040K, 14% used [0x0000000649c00000,0x000000064baf4cf0,0x0000000656e00000)
 Metaspace       used 54519K, capacity 56204K, committed 56280K, reserved 1097728K
  class space    used 6794K, capacity 7160K, committed 7168K, reserved 1048576K
Event: 5.870 GC heap after
Heap after GC invocations=8 (full 2):
 PSYoungGen      total 339456K, used 17897K [0x0000000743400000, 0x000000075d180000, 0x00000007c0000000)
  eden space 321536K, 0% used [0x0000000743400000,0x0000000743400000,0x0000000756e00000)
  from space 17920K, 99% used [0x000000075c000000,0x000000075d17a680,0x000000075d180000)
  to   space 30208K, 0% used [0x0000000759680000,0x0000000759680000,0x000000075b400000)
 ParOldGen       total 215040K, used 50018K [0x0000000649c00000, 0x0000000656e00000, 0x0000000743400000)
  object space 215040K, 23% used [0x0000000649c00000,0x000000064ccd8890,0x0000000656e00000)
 Metaspace       used 54519K, capacity 56204K, committed 56280K, reserved 1097728K
  class space    used 6794K, capacity 7160K, committed 7168K, reserved 1048576K
}
Event: 6.436 GC heap before
{Heap before GC invocations=9 (full 2):
 PSYoungGen      total 339456K, used 110788K [0x0000000743400000, 0x000000075d180000, 0x00000007c0000000)
  eden space 321536K, 28% used [0x0000000743400000,0x0000000748eb6af0,0x0000000756e00000)
  from space 17920K, 99% used [0x000000075c000000,0x000000075d17a680,0x000000075d180000)
  to   space 30208K, 0% used [0x0000000759680000,0x0000000759680000,0x000000075b400000)
 ParOldGen       total 215040K, used 50018K [0x0000000649c00000, 0x0000000656e00000, 0x0000000743400000)
  object space 215040K, 23% used [0x0000000649c00000,0x000000064ccd8890,0x0000000656e00000)
 Metaspace       used 57041K, capacity 58870K, committed 58968K, reserved 1101824K
  class space    used 7108K, capacity 7535K, committed 7552K, reserved 1048576K
Event: 6.457 GC heap after
Heap after GC invocations=9 (full 2):
 PSYoungGen      total 393216K, used 24130K [0x0000000743400000, 0x000000075fe80000, 0x00000007c0000000)
  eden space 363008K, 0% used [0x0000000743400000,0x0000000743400000,0x0000000759680000)
  from space 30208K, 79% used [0x0000000759680000,0x000000075ae10870,0x000000075b400000)
  to   space 31744K, 0% used [0x000000075df80000,0x000000075df80000,0x000000075fe80000)
 ParOldGen       total 215040K, used 50026K [0x0000000649c00000, 0x0000000656e00000, 0x0000000743400000)
  object space 215040K, 23% used [0x0000000649c00000,0x000000064ccda890,0x0000000656e00000)
 Metaspace       used 57041K, capacity 58870K, committed 58968K, reserved 1101824K
  class space    used 7108K, capacity 7535K, committed 7552K, reserved 1048576K
}
Event: 6.457 GC heap before
{Heap before GC invocations=10 (full 3):
 PSYoungGen      total 393216K, used 24130K [0x0000000743400000, 0x000000075fe80000, 0x00000007c0000000)
  eden space 363008K, 0% used [0x0000000743400000,0x0000000743400000,0x0000000759680000)
  from space 30208K, 79% used [0x0000000759680000,0x000000075ae10870,0x000000075b400000)
  to   space 31744K, 0% used [0x000000075df80000,0x000000075df80000,0x000000075fe80000)
 ParOldGen       total 215040K, used 50026K [0x0000000649c00000, 0x0000000656e00000, 0x0000000743400000)
  object space 215040K, 23% used [0x0000000649c00000,0x000000064ccda890,0x0000000656e00000)
 Metaspace       used 57041K, capacity 58870K, committed 58968K, reserved 1101824K
  class space    used 7108K, capacity 7535K, committed 7552K, reserved 1048576K
Event: 6.574 GC heap after
Heap after GC invocations=10 (full 3):
 PSYoungGen      total 393216K, used 0K [0x0000000743400000, 0x000000075fe80000, 0x00000007c0000000)
  eden space 363008K, 0% used [0x0000000743400000,0x0000000743400000,0x0000000759680000)
  from space 30208K, 0% used [0x0000000759680000,0x0000000759680000,0x000000075b400000)
  to   space 31744K, 0% used [0x000000075df80000,0x000000075df80000,0x000000075fe80000)
 ParOldGen       total 317440K, used 49329K [0x0000000649c00000, 0x000000065d200000, 0x0000000743400000)
  object space 317440K, 15% used [0x0000000649c00000,0x000000064cc2c560,0x000000065d200000)
 Metaspace       used 57041K, capacity 58870K, committed 58968K, reserved 1101824K
  class space    used 7108K, capacity 7535K, committed 7552K, reserved 1048576K
}

Deoptimization events (10 events):
Event: 6.199 Thread 0x00007fa47cd22800 Uncommon trap: reason=unstable_if action=reinterpret pc=0x00007fa46d55665c method=java.util.concurrent.ConcurrentHashMap.get(Ljava/lang/Object;)Ljava/lang/Object; @ 86
Event: 6.209 Thread 0x00007fa47cd22800 Uncommon trap: reason=unstable_if action=reinterpret pc=0x00007fa46e0b3164 method=java.util.WeakHashMap.eq(Ljava/lang/Object;Ljava/lang/Object;)Z @ 10
Event: 6.209 Thread 0x00007fa47cd22800 Uncommon trap: reason=unstable_if action=reinterpret pc=0x00007fa46d7efc98 method=java.util.WeakHashMap.eq(Ljava/lang/Object;Ljava/lang/Object;)Z @ 10
Event: 6.602 Thread 0x00007fa47cd22800 Uncommon trap: reason=unstable_if action=reinterpret pc=0x00007fa46d468cdc method=java.util.concurrent.ConcurrentHashMap.transfer([Ljava/util/concurrent/ConcurrentHashMap$Node;[Ljava/util/concurrent/ConcurrentHashMap$Node;)V @ 356
Event: 6.602 Thread 0x00007fa47cd22800 Uncommon trap: reason=unstable_if action=reinterpret pc=0x00007fa46d3ccd7c method=java.util.concurrent.ConcurrentHashMap.transfer([Ljava/util/concurrent/ConcurrentHashMap$Node;[Ljava/util/concurrent/ConcurrentHashMap$Node;)V @ 356
Event: 6.602 Thread 0x00007fa47cd22800 Uncommon trap: reason=unstable_if action=reinterpret pc=0x00007fa46d3e165c method=java.util.concurrent.ConcurrentHashMap.transfer([Ljava/util/concurrent/ConcurrentHashMap$Node;[Ljava/util/concurrent/ConcurrentHashMap$Node;)V @ 356
Event: 6.762 Thread 0x00007fa47cd22800 Uncommon trap: reason=unstable_if action=reinterpret pc=0x00007fa46e178ab4 method=org.springframework.util.ConcurrentReferenceHashMap$Segment.clear()V @ 4
Event: 6.781 Thread 0x00007fa47cd22800 Uncommon trap: reason=bimorphic action=maybe_recompile pc=0x00007fa46d179d40 method=java.util.Hashtable.get(Ljava/lang/Object;)Ljava/lang/Object; @ 6
Event: 6.782 Thread 0x00007fa47cd22800 Uncommon trap: reason=bimorphic action=maybe_recompile pc=0x00007fa46d179d40 method=java.util.Hashtable.get(Ljava/lang/Object;)Ljava/lang/Object; @ 6
Event: 74.377 Thread 0x00007fa400004000 Uncommon trap: reason=unstable_if action=reinterpret pc=0x00007fa46d50530c method=java.io.BufferedOutputStream.write([BII)V @ 6

Internal exceptions (10 events):
Event: 6.717 Thread 0x00007fa47cd22800 Exception <a 'java/lang/ClassNotFoundException': org/springframework/context/annotation/ConfigurationClassEnhancer$EnhancedConfigurationCustomizer> (0x0000000745635150) thrown at [/builddir/build/BUILD/java-1.8.0-openjdk-1.8.0.131-2.b11.el7_3.x86_64/openj
Event: 6.720 Thread 0x00007fa47cd22800 Exception <a 'java/lang/ClassNotFoundException': org/springframework/boot/web/client/RestTemplateBuilderBeanInfo> (0x00000007456c9580) thrown at [/builddir/build/BUILD/java-1.8.0-openjdk-1.8.0.131-2.b11.el7_3.x86_64/openjdk/hotspot/src/share/vm/classfile/
Event: 6.720 Thread 0x00007fa47cd22800 Exception <a 'java/lang/ClassNotFoundException': org/springframework/boot/web/client/RestTemplateBuilderCustomizer> (0x00000007456d9790) thrown at [/builddir/build/BUILD/java-1.8.0-openjdk-1.8.0.131-2.b11.el7_3.x86_64/openjdk/hotspot/src/share/vm/classfil
Event: 6.722 Thread 0x00007fa47cd22800 Exception <a 'java/lang/ClassNotFoundException': java/lang/ObjectCustomizer> (0x00000007457166b8) thrown at [/builddir/build/BUILD/java-1.8.0-openjdk-1.8.0.131-2.b11.el7_3.x86_64/openjdk/hotspot/src/share/vm/classfile/systemDictionary.cpp, line 210]
Event: 6.722 Thread 0x00007fa47cd22800 Exception <a 'java/lang/ClassNotFoundException': org/springframework/boot/autoconfigure/web/embedded/EmbeddedWebServerFactoryCustomizerAutoConfigurationCustomizer> (0x0000000745732198) thrown at [/builddir/build/BUILD/java-1.8.0-openjdk-1.8.0.131-2.b11.el
Event: 6.722 Thread 0x00007fa47cd22800 Exception <a 'java/lang/ClassNotFoundException': org/springframework/boot/autoconfigure/web/embedded/EmbeddedWebServerFactoryCustomizerAutoConfiguration$$EnhancerBySpringCGLIB$$93298da9Customizer> (0x00000007457504f8) thrown at [/builddir/build/BUILD/java
Event: 6.722 Thread 0x00007fa47cd22800 Exception <a 'java/lang/ClassNotFoundException': org/springframework/context/annotation/ConfigurationClassEnhancer$EnhancedConfigurationCustomizer> (0x000000074576be38) thrown at [/builddir/build/BUILD/java-1.8.0-openjdk-1.8.0.131-2.b11.el7_3.x86_64/openj
Event: 6.723 Thread 0x00007fa47cd22800 Exception <a 'java/lang/ClassNotFoundException': java/lang/ObjectCustomizer> (0x0000000745783990) thrown at [/builddir/build/BUILD/java-1.8.0-openjdk-1.8.0.131-2.b11.el7_3.x86_64/openjdk/hotspot/src/share/vm/classfile/systemDictionary.cpp, line 210]
Event: 6.723 Thread 0x00007fa47cd22800 Exception <a 'java/lang/ClassNotFoundException': org/springframework/web/multipart/support/StandardServletMultipartResolverCustomizer> (0x000000074579a8d8) thrown at [/builddir/build/BUILD/java-1.8.0-openjdk-1.8.0.131-2.b11.el7_3.x86_64/openjdk/hotspot/sr
Event: 6.724 Thread 0x00007fa47cd22800 Exception <a 'java/lang/ClassNotFoundException': org/springframework/web/multipart/MultipartResolverCustomizer> (0x00000007457af860) thrown at [/builddir/build/BUILD/java-1.8.0-openjdk-1.8.0.131-2.b11.el7_3.x86_64/openjdk/hotspot/src/share/vm/classfile/sy

Events (10 events):
Event: 74.381 loading class com/zaxxer/hikari/pool/PoolEntry done
Event: 74.381 loading class com/zaxxer/hikari/pool/HikariPool
Event: 74.381 loading class com/zaxxer/hikari/pool/HikariPool done
Event: 74.382 loading class com/zaxxer/hikari/pool/HikariPool
Event: 74.382 loading class com/zaxxer/hikari/pool/HikariPool done
Event: 74.382 Thread 0x00007fa41d069800 Thread added: 0x00007fa41d069800
Event: 74.382 Executing VM operation: RevokeBias
Event: 74.382 Executing VM operation: RevokeBias done
Event: 74.382 loading class org/mariadb/jdbc/internal/com/send/SendClosePacket
Event: 74.382 loading class org/mariadb/jdbc/internal/com/send/SendClosePacket done


Dynamic libraries:
00400000-00401000 r-xp 00000000 fd:00 1078544219                         /usr/lib/jvm/java-1.8.0-openjdk-1.8.0.131-2.b11.el7_3.x86_64/jre/bin/java
00600000-00601000 r--p 00000000 fd:00 1078544219                         /usr/lib/jvm/java-1.8.0-openjdk-1.8.0.131-2.b11.el7_3.x86_64/jre/bin/java
00601000-00602000 rw-p 00001000 fd:00 1078544219                         /usr/lib/jvm/java-1.8.0-openjdk-1.8.0.131-2.b11.el7_3.x86_64/jre/bin/java
012c7000-012e8000 rw-p 00000000 00:00 0                                  [heap]
649c00000-65d200000 rw-p 00000000 00:00 0 
65d200000-743400000 ---p 00000000 00:00 0 
743400000-75fe80000 rw-p 00000000 00:00 0 
75fe80000-7c0000000 ---p 00000000 00:00 0 
7c0000000-7c0780000 rw-p 00000000 00:00 0 
7c0780000-800000000 ---p 00000000 00:00 0 
7fa3d8000000-7fa3d8021000 rw-p 00000000 00:00 0 
7fa3d8021000-7fa3dc000000 ---p 00000000 00:00 0 
7fa3dc000000-7fa3dc021000 rw-p 00000000 00:00 0 
7fa3dc021000-7fa3e0000000 ---p 00000000 00:00 0 
7fa3e0000000-7fa3e0021000 rw-p 00000000 00:00 0 
7fa3e0021000-7fa3e4000000 ---p 00000000 00:00 0 
7fa3e4000000-7fa3e4021000 rw-p 00000000 00:00 0 
7fa3e4021000-7fa3e8000000 ---p 00000000 00:00 0 
7fa3e8000000-7fa3e8021000 rw-p 00000000 00:00 0 
7fa3e8021000-7fa3ec000000 ---p 00000000 00:00 0 
7fa3ec000000-7fa3ec021000 rw-p 00000000 00:00 0 
7fa3ec021000-7fa3f0000000 ---p 00000000 00:00 0 
7fa3f0000000-7fa3f0021000 rw-p 00000000 00:00 0 
7fa3f0021000-7fa3f4000000 ---p 00000000 00:00 0 
7fa3f4000000-7fa3f4021000 rw-p 00000000 00:00 0 
7fa3f4021000-7fa3f8000000 ---p 00000000 00:00 0 
7fa3f8000000-7fa3f8021000 rw-p 00000000 00:00 0 
7fa3f8021000-7fa3fc000000 ---p 00000000 00:00 0 
7fa3fc000000-7fa3fc021000 rw-p 00000000 00:00 0 
7fa3fc021000-7fa400000000 ---p 00000000 00:00 0 
7fa400000000-7fa400021000 rw-p 00000000 00:00 0 
7fa400021000-7fa404000000 ---p 00000000 00:00 0 
7fa404000000-7fa40408c000 rw-p 00000000 00:00 0 
7fa40408c000-7fa408000000 ---p 00000000 00:00 0 
7fa408000000-7fa408021000 rw-p 00000000 00:00 0 
7fa408021000-7fa40c000000 ---p 00000000 00:00 0 
7fa40c000000-7fa40c026000 rw-p 00000000 00:00 0 
7fa40c026000-7fa410000000 ---p 00000000 00:00 0 
7fa410000000-7fa410021000 rw-p 00000000 00:00 0 
7fa410021000-7fa414000000 ---p 00000000 00:00 0 
7fa414000000-7fa41443a000 rw-p 00000000 00:00 0 
7fa41443a000-7fa418000000 ---p 00000000 00:00 0 
7fa418000000-7fa418021000 rw-p 00000000 00:00 0 
7fa418021000-7fa41c000000 ---p 00000000 00:00 0 
7fa41c000000-7fa41d126000 rw-p 00000000 00:00 0 
7fa41d126000-7fa420000000 ---p 00000000 00:00 0 
7fa420000000-7fa42150a000 rw-p 00000000 00:00 0 
7fa42150a000-7fa424000000 ---p 00000000 00:00 0 
7fa424000000-7fa424021000 rw-p 00000000 00:00 0 
7fa424021000-7fa428000000 ---p 00000000 00:00 0 
7fa428000000-7fa42a021000 rw-p 00000000 00:00 0 
7fa42a021000-7fa42c000000 ---p 00000000 00:00 0 
7fa42c000000-7fa42dd00000 rw-p 00000000 00:00 0 
7fa42dd00000-7fa430000000 ---p 00000000 00:00 0 
7fa430000000-7fa430021000 rw-p 00000000 00:00 0 
7fa430021000-7fa434000000 ---p 00000000 00:00 0 
7fa435ad9000-7fa43c000000 r--p 00000000 fd:00 536878739                  /usr/lib/locale/locale-archive
7fa43c000000-7fa43c021000 rw-p 00000000 00:00 0 
7fa43c021000-7fa440000000 ---p 00000000 00:00 0 
7fa440000000-7fa440021000 rw-p 00000000 00:00 0 
7fa440021000-7fa444000000 ---p 00000000 00:00 0 
7fa444000000-7fa444021000 rw-p 00000000 00:00 0 
7fa444021000-7fa448000000 ---p 00000000 00:00 0 
7fa448000000-7fa44805a000 rw-p 00000000 00:00 0 
7fa44805a000-7fa44c000000 ---p 00000000 00:00 0 
7fa44c000000-7fa44c021000 rw-p 00000000 00:00 0 
7fa44c021000-7fa450000000 ---p 00000000 00:00 0 
7fa4515ec000-7fa4515ef000 ---p 00000000 00:00 0 
7fa4515ef000-7fa4516ed000 rw-p 00000000 00:00 0                          [stack:17475]
7fa4516ed000-7fa4516f0000 ---p 00000000 00:00 0 
7fa4516f0000-7fa4517ee000 rw-p 00000000 00:00 0                          [stack:17474]
7fa4517ee000-7fa4517f1000 ---p 00000000 00:00 0 
7fa4517f1000-7fa4518ef000 rw-p 00000000 00:00 0                          [stack:17473]
7fa4518ef000-7fa4518f2000 ---p 00000000 00:00 0 
7fa4518f2000-7fa4519f0000 rw-p 00000000 00:00 0                          [stack:17472]
7fa4519f0000-7fa4519f3000 ---p 00000000 00:00 0 
7fa4519f3000-7fa451af1000 rw-p 00000000 00:00 0                          [stack:17471]
7fa451af1000-7fa451af4000 ---p 00000000 00:00 0 
7fa451af4000-7fa451bf2000 rw-p 00000000 00:00 0                          [stack:17470]
7fa451bf2000-7fa451bf5000 ---p 00000000 00:00 0 
7fa451bf5000-7fa451cf3000 rw-p 00000000 00:00 0                          [stack:17469]
7fa451cf3000-7fa451cf6000 ---p 00000000 00:00 0 
7fa451cf6000-7fa451df4000 rw-p 00000000 00:00 0                          [stack:17468]
7fa451df4000-7fa451df7000 ---p 00000000 00:00 0 
7fa451df7000-7fa451ef5000 rw-p 00000000 00:00 0                          [stack:17467]
7fa451ef5000-7fa451ef8000 ---p 00000000 00:00 0 
7fa451ef8000-7fa451ff6000 rw-p 00000000 00:00 0                          [stack:17466]
7fa451ff6000-7fa451ff9000 ---p 00000000 00:00 0 
7fa451ff9000-7fa4520f7000 rw-p 00000000 00:00 0                          [stack:17465]
7fa4520f7000-7fa4520fa000 ---p 00000000 00:00 0 
7fa4520fa000-7fa4521f8000 rw-p 00000000 00:00 0                          [stack:17464]
7fa4521f8000-7fa4521fb000 ---p 00000000 00:00 0 
7fa4521fb000-7fa4522f9000 rw-p 00000000 00:00 0                          [stack:17463]
7fa4522f9000-7fa4522fc000 ---p 00000000 00:00 0 
7fa4522fc000-7fa4523fa000 rw-p 00000000 00:00 0                          [stack:17462]
7fa4523fa000-7fa4523fd000 ---p 00000000 00:00 0 
7fa4523fd000-7fa45263b000 rw-p 00000000 00:00 0                          [stack:17461]
7fa45263b000-7fa4526fb000 ---p 00000000 00:00 0 
7fa4526fb000-7fa4528fb000 rw-p 00000000 00:00 0 
7fa4528fb000-7fa4528fe000 ---p 00000000 00:00 0 
7fa4528fe000-7fa4529fc000 rw-p 00000000 00:00 0                          [stack:17460]
7fa4529fc000-7fa4529ff000 ---p 00000000 00:00 0 
7fa4529ff000-7fa452afd000 rw-p 00000000 00:00 0                          [stack:17459]
7fa452afd000-7fa452b00000 ---p 00000000 00:00 0 
7fa452b00000-7fa452bfe000 rw-p 00000000 00:00 0                          [stack:17485]
7fa452bfe000-7fa452c01000 ---p 00000000 00:00 0 
7fa452c01000-7fa452eff000 rw-p 00000000 00:00 0                          [stack:17481]
7fa452eff000-7fa4530ff000 rw-p 00000000 00:00 0 
7fa4530ff000-7fa4532ff000 rw-p 00000000 00:00 0 
7fa4532ff000-7fa4534ff000 rw-p 00000000 00:00 0 
7fa4534ff000-7fa4536ff000 rw-p 00000000 00:00 0 
7fa4536ff000-7fa4538ff000 rw-p 00000000 00:00 0 
7fa4538ff000-7fa453aff000 rw-p 00000000 00:00 0 
7fa453aff000-7fa453cff000 rw-p 00000000 00:00 0 
7fa453cff000-7fa453d02000 ---p 00000000 00:00 0 
7fa453d02000-7fa453ff6000 rw-p 00000000 00:00 0 
7fa453ff6000-7fa454000000 ---p 00000000 00:00 0 
7fa454000000-7fa454021000 rw-p 00000000 00:00 0 
7fa454021000-7fa458000000 ---p 00000000 00:00 0 
7fa458052000-7fa458252000 rw-p 00000000 00:00 0 
7fa458252000-7fa458452000 rw-p 00000000 00:00 0 
7fa458452000-7fa458455000 ---p 00000000 00:00 0 
7fa458455000-7fa458753000 rw-p 00000000 00:00 0                          [stack:17348]
7fa458753000-7fa458769000 r-xp 00000000 fd:00 1074752725                 /usr/lib64/libresolv-2.17.so
7fa458769000-7fa458969000 ---p 00016000 fd:00 1074752725                 /usr/lib64/libresolv-2.17.so
7fa458969000-7fa45896a000 r--p 00016000 fd:00 1074752725                 /usr/lib64/libresolv-2.17.so
7fa45896a000-7fa45896b000 rw-p 00017000 fd:00 1074752725                 /usr/lib64/libresolv-2.17.so
7fa45896b000-7fa45896d000 rw-p 00000000 00:00 0 
7fa45896d000-7fa458972000 r-xp 00000000 fd:00 1074752713                 /usr/lib64/libnss_dns-2.17.so
7fa458972000-7fa458b71000 ---p 00005000 fd:00 1074752713                 /usr/lib64/libnss_dns-2.17.so
7fa458b71000-7fa458b72000 r--p 00004000 fd:00 1074752713                 /usr/lib64/libnss_dns-2.17.so
7fa458b72000-7fa458b73000 rw-p 00005000 fd:00 1074752713                 /usr/lib64/libnss_dns-2.17.so
7fa458b89000-7fa458b8c000 rw-p 00000000 00:00 0 
7fa458b8c000-7fa458b91000 r--s 00309000 fd:00 1614704231                 /usr/lib/jvm/java-1.8.0-openjdk-1.8.0.131-2.b11.el7_3.x86_64/jre/lib/charsets.jar
7fa458b91000-7fa458b9a000 r-xp 00000000 fd:00 1471769                    /usr/lib/jvm/java-1.8.0-openjdk-1.8.0.131-2.b11.el7_3.x86_64/jre/lib/amd64/libmanagement.so
7fa458b9a000-7fa458d99000 ---p 00009000 fd:00 1471769                    /usr/lib/jvm/java-1.8.0-openjdk-1.8.0.131-2.b11.el7_3.x86_64/jre/lib/amd64/libmanagement.so
7fa458d99000-7fa458d9a000 r--p 00008000 fd:00 1471769                    /usr/lib/jvm/java-1.8.0-openjdk-1.8.0.131-2.b11.el7_3.x86_64/jre/lib/amd64/libmanagement.so
7fa458d9a000-7fa458d9b000 rw-p 00009000 fd:00 1471769                    /usr/lib/jvm/java-1.8.0-openjdk-1.8.0.131-2.b11.el7_3.x86_64/jre/lib/amd64/libmanagement.so
7fa458d9b000-7fa458f9b000 rw-p 00000000 00:00 0 
7fa458f9b000-7fa458f9e000 ---p 00000000 00:00 0 
7fa458f9e000-7fa45909c000 rw-p 00000000 00:00 0 
7fa45909c000-7fa45909f000 ---p 00000000 00:00 0 
7fa45909f000-7fa45939d000 rw-p 00000000 00:00 0                          [stack:17346]
7fa45939d000-7fa45959d000 rw-p 00000000 00:00 0 
7fa45959d000-7fa4595ac000 r--s 000b2000 00:2d 5388430299                 /home/vivkumar/.m2/repository/org/springframework/spring-webmvc/5.0.7.RELEASE/spring-webmvc-5.0.7.RELEASE.jar
7fa4595ac000-7fa4595b0000 r--s 00027000 00:2d 1103931143                 /home/vivkumar/.m2/repository/org/thymeleaf/thymeleaf-spring5/3.0.9.RELEASE/thymeleaf-spring5-3.0.9.RELEASE.jar
7fa4595b0000-7fa4595ca000 r--s 000f1000 00:2d 1103931139                 /home/vivkumar/.m2/repository/org/springframework/spring-context/5.0.7.RELEASE/spring-context-5.0.7.RELEASE.jar
7fa4595ca000-7fa4595cb000 r--s 00000000 00:2d 8591532870                 /home/vivkumar/.m2/repository/org/springframework/boot/spring-boot-starter-json/2.0.3.RELEASE/spring-boot-starter-json-2.0.3.RELEASE.jar
7fa4595cb000-7fa4595cd000 r--s 00000000 00:2d 8591227049                 /home/vivkumar/.m2/repository/org/slf4j/jul-to-slf4j/1.7.25/jul-to-slf4j-1.7.25.jar
7fa4595cd000-7fa4595cf000 r--s 00003000 00:2d 26023429                   /home/vivkumar/.m2/repository/org/apache/logging/log4j/log4j-to-slf4j/2.10.0/log4j-to-slf4j-2.10.0.jar
7fa4595cf000-7fa4595ef000 r--s 000fc000 00:2d 5388430291                 /home/vivkumar/.m2/repository/org/springframework/boot/spring-boot-autoconfigure/2.0.3.RELEASE/spring-boot-autoconfigure-2.0.3.RELEASE.jar
7fa4595ef000-7fa4595f3000 r--s 00037000 00:2d 6443789840                 /home/vivkumar/.m2/repository/org/apache/tomcat/embed/tomcat-embed-el/8.5.31/tomcat-embed-el-8.5.31.jar
7fa4595f3000-7fa4595f5000 r--s 00001000 00:2d 3253095323                 /home/vivkumar/.m2/repository/com/fasterxml/jackson/module/jackson-module-parameter-names/2.9.6/jackson-module-parameter-names-2.9.6.jar
7fa4595f5000-7fa4595f6000 r--s 00000000 00:2d 5388430289                 /home/vivkumar/.m2/repository/org/springframework/boot/spring-boot-starter-web/2.0.3.RELEASE/spring-boot-starter-web-2.0.3.RELEASE.jar
7fa4595f6000-7fa4595f8000 r--s 00009000 00:2d 6443118148                 /home/vivkumar/.m2/repository/org/slf4j/slf4j-api/1.7.25/slf4j-api-1.7.25.jar
7fa4595f8000-7fa459621000 r--s 002d0000 00:2d 5388430297                 /home/vivkumar/.m2/repository/org/apache/tomcat/embed/tomcat-embed-core/8.5.31/tomcat-embed-core-8.5.31.jar
7fa459621000-7fa459624000 r--s 0000e000 00:2d 2149126389                 /home/vivkumar/.m2/repository/com/fasterxml/jackson/core/jackson-annotations/2.9.0/jackson-annotations-2.9.0.jar
7fa459624000-7fa459626000 r--s 0000f000 00:2d 4295564106                 /home/vivkumar/.m2/repository/org/jboss/logging/jboss-logging/3.3.2.Final/jboss-logging-3.3.2.Final.jar
7fa459626000-7fa45962b000 r--s 0004b000 00:2d 5388430295                 /home/vivkumar/.m2/repository/com/fasterxml/jackson/core/jackson-core/2.9.6/jackson-core-2.9.6.jar
7fa45962b000-7fa4597ae000 r--s 01270000 00:2d 26681226                   /home/vivkumar/.m2/repository/com/nashtech/dataCollector/0.0.1/dataCollector-0.0.1.jar
7fa4597ae000-7fa4597b3000 r--s 0003a000 00:2d 7538137678                 /home/vivkumar/.m2/repository/org/apache/tomcat/embed/tomcat-embed-websocket/8.5.31/tomcat-embed-websocket-8.5.31.jar
7fa4597b3000-7fa4597b6000 r--s 00016000 00:2d 1103931137                 /home/vivkumar/.m2/repository/com/fasterxml/jackson/datatype/jackson-datatype-jsr310/2.9.6/jackson-datatype-jsr310-2.9.6.jar
7fa4597b6000-7fa4597b8000 r--s 00005000 00:2d 5388430293                 /home/vivkumar/.m2/repository/javax/annotation/javax.annotation-api/1.3.2/javax.annotation-api-1.3.2.jar
7fa4597b8000-7fa4597be000 r--s 00039000 00:2d 4295564102                 /home/vivkumar/.m2/repository/org/apache/logging/log4j/log4j-api/2.10.0/log4j-api-2.10.0.jar
7fa4597be000-7fa4597c4000 r--s 00041000 00:2d 7538137676                 /home/vivkumar/.m2/repository/ch/qos/logback/logback-classic/1.2.3/logback-classic-1.2.3.jar
7fa4597c4000-7fa4597c5000 r--s 00000000 00:2d 4295564104                 /home/vivkumar/.m2/repository/org/springframework/boot/spring-boot-starter-tomcat/2.0.3.RELEASE/spring-boot-starter-tomcat-2.0.3.RELEASE.jar
7fa4597c5000-7fa4597c9000 r--s 00035000 00:2d 5388430303                 /home/vivkumar/.m2/repository/org/attoparser/attoparser/2.0.4.RELEASE/attoparser-2.0.4.RELEASE.jar
7fa4597c9000-7fa4597d9000 r--s 000c5000 00:2d 2149126395                 /home/vivkumar/.m2/repository/org/thymeleaf/thymeleaf/3.0.9.RELEASE/thymeleaf-3.0.9.RELEASE.jar
7fa4597d9000-7fa4597de000 r--s 00040000 00:2d 4295564108                 /home/vivkumar/.m2/repository/org/springframework/spring-expression/5.0.7.RELEASE/spring-expression-5.0.7.RELEASE.jar
7fa4597de000-7fa4597e0000 r--s 0000e000 00:2d 6443785759                 /home/vivkumar/.m2/repository/com/fasterxml/classmate/1.3.4/classmate-1.3.4.jar
7fa4597e0000-7fa4597e2000 r--s 00007000 00:2d 8591532872                 /home/vivkumar/.m2/repository/com/fasterxml/jackson/datatype/jackson-datatype-jdk8/2.9.6/jackson-datatype-jdk8-2.9.6.jar
7fa4597e2000-7fa4597f5000 r--s 00137000 00:2d 10739514517                /home/vivkumar/.m2/repository/com/fasterxml/jackson/core/jackson-databind/2.9.6/jackson-databind-2.9.6.jar
7fa4597f5000-7fa459800000 r--s 00069000 00:2d 9665549047                 /home/vivkumar/.m2/repository/ch/qos/logback/logback-core/1.2.3/logback-core-1.2.3.jar
7fa459800000-7fa459801000 r--s 00009000 00:2d 9665549055                 /home/vivkumar/.m2/repository/org/thymeleaf/extras/thymeleaf-extras-java8time/3.0.1.RELEASE/thymeleaf-extras-java8time-3.0.1.RELEASE.jar
7fa459801000-7fa459806000 r--s 00012000 00:2d 3253095325                 /home/vivkumar/.m2/repository/javax/validation/validation-api/2.0.1.Final/validation-api-2.0.1.Final.jar
7fa459806000-7fa459812000 r--s 00096000 00:2d 3253095327                 /home/vivkumar/.m2/repository/org/springframework/spring-beans/5.0.7.RELEASE/spring-beans-5.0.7.RELEASE.jar
7fa459812000-7fa459819000 r--s 00042000 00:2d 6443789838                 /home/vivkumar/.m2/repository/org/yaml/snakeyaml/1.19/snakeyaml-1.19.jar
7fa459819000-7fa45982e000 r--s 000cf000 00:2d 8591532868                 /home/vivkumar/.m2/repository/org/springframework/boot/spring-boot/2.0.3.RELEASE/spring-boot-2.0.3.RELEASE.jar
7fa45982e000-7fa459848000 r--s 00119000 00:2d 9665549051                 /home/vivkumar/.m2/repository/org/springframework/spring-web/5.0.7.RELEASE/spring-web-5.0.7.RELEASE.jar
7fa459848000-7fa45984b000 r--s 00026000 00:2d 6443789844                 /home/vivkumar/.m2/repository/org/unbescape/unbescape/1.1.5.RELEASE/unbescape-1.1.5.RELEASE.jar
7fa45984b000-7fa459867000 r--s 000f9000 00:2d 26023433                   /home/vivkumar/.m2/repository/org/hibernate/validator/hibernate-validator/6.0.10.Final/hibernate-validator-6.0.10.Final.jar
7fa459867000-7fa459868000 r--s 00000000 00:2d 10739514521                /home/vivkumar/.m2/repository/org/springframework/boot/spring-boot-starter-thymeleaf/2.0.3.RELEASE/spring-boot-starter-thymeleaf-2.0.3.RELEASE.jar
7fa459868000-7fa459869000 r--s 00000000 00:2d 7538137674                 /home/vivkumar/.m2/repository/org/springframework/boot/spring-boot-starter/2.0.3.RELEASE/spring-boot-starter-2.0.3.RELEASE.jar
7fa459869000-7fa45986a000 r--s 00000000 00:2d 6443789836                 /home/vivkumar/.m2/repository/org/springframework/boot/spring-boot-starter-logging/2.0.3.RELEASE/spring-boot-starter-logging-2.0.3.RELEASE.jar
7fa45986a000-7fa459873000 r--s 00051000 00:2d 2149126391                 /home/vivkumar/.m2/repository/org/springframework/spring-aop/5.0.7.RELEASE/spring-aop-5.0.7.RELEASE.jar
7fa459873000-7fa459876000 ---p 00000000 00:00 0 
7fa459876000-7fa459b74000 rw-p 00000000 00:00 0                          [stack:17484]
7fa459b74000-7fa459b95000 r--s 00172000 00:2d 1085737413                 /home/vivkumar/.m2/repository/com/google/guava/guava/11.0.2/guava-11.0.2.jar
7fa459b95000-7fa459b96000 r--s 00008000 00:2d 9665543886                 /home/vivkumar/.m2/repository/asm/asm-util/3.2/asm-util-3.2.jar
7fa459b96000-7fa459b97000 r--s 00004000 00:2d 5388001008                 /home/vivkumar/.m2/repository/asm/asm-analysis/3.2/asm-analysis-3.2.jar
7fa459b97000-7fa459b9a000 r--s 00013000 00:2d 25967536                   /home/vivkumar/.m2/repository/commons-io/commons-io/1.3.2/commons-io-1.3.2.jar
7fa459b9a000-7fa459b9b000 r--s 00002000 00:2d 10739166797                /home/vivkumar/.m2/repository/org/vafer/jdependency/0.7/jdependency-0.7.jar
7fa459b9b000-7fa459b9e000 r--s 0000c000 00:2d 1084436597                 /home/vivkumar/.m2/repository/org/apache/maven/shared/maven-dependency-tree/2.1/maven-dependency-tree-2.1.jar
7fa459b9e000-7fa459ba1000 r--s 00023000 00:2d 10739623399                /home/vivkumar/.m2/repository/org/jdom/jdom/1.1/jdom-1.1.jar
7fa459ba1000-7fa459ba3000 r--s 00004000 00:2d 7546276343                 /home/vivkumar/.m2/repository/asm/asm-tree/3.3.1/asm-tree-3.3.1.jar
7fa459ba3000-7fa459ba5000 r--s 00008000 00:2d 5388001006                 /home/vivkumar/.m2/repository/asm/asm-commons/3.3.1/asm-commons-3.3.1.jar
7fa459ba5000-7fa459ba6000 r--s 0000a000 00:2d 1084436595                 /home/vivkumar/.m2/repository/asm/asm/3.3.1/asm-3.3.1.jar
7fa459ba6000-7fa459ba8000 r--s 00017000 00:2d 4295443890                 /home/vivkumar/.m2/repository/org/apache/maven/plugins/maven-shade-plugin/2.2/maven-shade-plugin-2.2.jar
7fa459ba8000-7fa459bac000 r--s 0000f000 00:2d 10738234225                /home/vivkumar/.m2/repository/org/codehaus/plexus/plexus-io/2.3.2/plexus-io-2.3.2.jar
7fa459bac000-7fa459bb0000 r--s 0001f000 00:2d 2147901314                 /home/vivkumar/.m2/repository/org/codehaus/plexus/plexus-archiver/2.8.1/plexus-archiver-2.8.1.jar
7fa459bb0000-7fa459bb2000 r--s 00009000 00:2d 6443714176                 /home/vivkumar/.m2/repository/org/hamcrest/hamcrest-core/1.3/hamcrest-core-1.3.jar
7fa459bb2000-7fa459bba000 r--s 00045000 00:2d 1084436593                 /home/vivkumar/.m2/repository/junit/junit/4.12/junit-4.12.jar
7fa459bba000-7fa459bbc000 r--s 00006000 00:2d 10738234223                /home/vivkumar/.m2/repository/org/apache/maven/shared/maven-common-artifact-filters/1.4/maven-common-artifact-filters-1.4.jar
7fa459bbc000-7fa459bc2000 r--s 00042000 00:2d 8591227044                 /home/vivkumar/.m2/repository/org/eclipse/sisu/org.eclipse.sisu.inject/0.0.0.M5/org.eclipse.sisu.inject-0.0.0.M5.jar
7fa459bc2000-7fa459bc4000 r--s 00000000 00:2d 5378141710                 /home/vivkumar/.m2/repository/aopalliance/aopalliance/1.0/aopalliance-1.0.jar
7fa459bc4000-7fa459bcc000 r--s 00050000 00:2d 3222027181                 /home/vivkumar/.m2/repository/org/sonatype/sisu/sisu-guice/3.1.0/sisu-guice-3.1.0-no_aop.jar
7fa459bcc000-7fa459bcf000 r--s 00008000 00:2d 7528956041                 /home/vivkumar/.m2/repository/javax/enterprise/cdi-api/1.0/cdi-api-1.0.jar
7fa459bcf000-7fa459bd3000 r--s 0001d000 00:2d 5378141707                 /home/vivkumar/.m2/repository/org/eclipse/aether/aether-util/0.9.0.M2/aether-util-0.9.0.M2.jar
7fa459bd3000-7fa459bd6000 r--s 0000d000 00:2d 4295018154                 /home/vivkumar/.m2/repository/org/codehaus/plexus/plexus-interpolation/1.21/plexus-interpolation-1.21.jar
7fa459bd6000-7fa459bda000 r--s 00026000 00:2d 6443118151                 /home/vivkumar/.m2/repository/org/apache/maven/shared/maven-shared-utils/0.7/maven-shared-utils-0.7.jar
7fa459bda000-7fa459bdb000 r--s 00005000 00:2d 9665038824                 /home/vivkumar/.m2/repository/org/apache/maven/maven-archiver/2.6/maven-archiver-2.6.jar
7fa459bdb000-7fa459be5000 r--s 00078000 00:2d 8591532905                 /home/vivkumar/.m2/repository/org/apache/commons/commons-compress/1.14/commons-compress-1.14.jar
7fa459be5000-7fa459be7000 r--s 00004000 00:2d 26023431                   /home/vivkumar/.m2/repository/org/springframework/spring-jcl/5.0.7.RELEASE/spring-jcl-5.0.7.RELEASE.jar
7fa459be7000-7fa459bff000 r--s 00114000 00:2d 9665549049                 /home/vivkumar/.m2/repository/org/springframework/spring-core/5.0.7.RELEASE/spring-core-5.0.7.RELEASE.jar
7fa459bff000-7fa459c02000 r--s 00022000 00:2d 7538137700                 /home/vivkumar/.m2/repository/org/springframework/boot/spring-boot-loader-tools/2.0.3.RELEASE/spring-boot-loader-tools-2.0.3.RELEASE.jar
7fa459c02000-7fa459c09000 r--s 00062000 00:2d 2149122477                 /home/vivkumar/.m2/repository/org/springframework/springloaded/1.2.4.RELEASE/springloaded-1.2.4.RELEASE.jar
7fa459c09000-7fa459c0b000 r--s 0000e000 00:2d 10739625941                /home/vivkumar/.m2/repository/org/springframework/boot/spring-boot-maven-plugin/2.0.3.RELEASE/spring-boot-maven-plugin-2.0.3.RELEASE.jar
7fa459c0b000-7fa459c0e000 r--s 0001b000 00:2d 3222027182                 /home/vivkumar/.m2/repository/junit/junit/3.8.2/junit-3.8.2.jar
7fa459c0e000-7fa459c1c000 r--s 0008f000 00:2d 643732                     /home/vivkumar/.m2/repository/com/google/collections/google-collections/1.0/google-collections-1.0.jar
7fa459c1c000-7fa459c1d000 r--s 0000a000 00:2d 8591227047                 /home/vivkumar/.m2/repository/commons-logging/commons-logging-api/1.1/commons-logging-api-1.1.jar
7fa459c1d000-7fa459c24000 r--s 00051000 00:2d 6443118154                 /home/vivkumar/.m2/repository/log4j/log4j/1.2.12/log4j-1.2.12.jar
7fa459c24000-7fa459c28000 r--s 0001d000 00:2d 1074435560                 /home/vivkumar/.m2/repository/org/apache/xbean/xbean-reflect/3.4/xbean-reflect-3.4.jar
7fa459c28000-7fa459c2a000 r--s 00000000 00:2d 2148473659                 /home/vivkumar/.m2/repository/org/codehaus/plexus/plexus-compiler-manager/2.2/plexus-compiler-manager-2.2.jar
7fa459c2a000-7fa459c2c000 r--s 00005000 00:2d 10739186959                /home/vivkumar/.m2/repository/org/codehaus/plexus/plexus-compiler-api/2.2/plexus-compiler-api-2.2.jar
7fa459c2c000-7fa459c2e000 r--s 00000000 00:2d 6443118153                 /home/vivkumar/.m2/repository/org/codehaus/plexus/plexus-component-annotations/1.5.5/plexus-component-annotations-1.5.5.jar
7fa459c2e000-7fa459c30000 r--s 00002000 00:2d 6443461566                 /home/vivkumar/.m2/repository/org/apache/maven/shared/maven-shared-incremental/1.1/maven-shared-incremental-1.1.jar
7fa459c30000-7fa459c33000 r--s 00023000 00:2d 8591110533                 /home/vivkumar/.m2/repository/org/apache/maven/shared/maven-shared-utils/0.1/maven-shared-utils-0.1.jar
7fa459c33000-7fa459c37000 r--s 00030000 00:2d 8591110532                 /home/vivkumar/.m2/repository/org/codehaus/plexus/plexus-utils/1.5.1/plexus-utils-1.5.1.jar
7fa459c37000-7fa459c39000 r--s 00009000 00:2d 10739186945                /home/vivkumar/.m2/repository/org/apache/maven/plugins/maven-compiler-plugin/3.1/maven-compiler-plugin-3.1.jar
7fa459c39000-7fa459c3c000 r--s 00010000 00:2d 3253095335                 /home/vivkumar/.m2/repository/org/codehaus/plexus/plexus-interpolation/1.22/plexus-interpolation-1.22.jar
7fa459c3c000-7fa459c3e000 r--s 00001000 00:2d 5378141712                 /home/vivkumar/.m2/repository/org/sonatype/plexus/plexus-build-api/0.0.7/plexus-build-api-0.0.7.jar
7fa459c3e000-7fa459c42000 r--s 0002a000 00:2d 10739514525                /home/vivkumar/.m2/repository/commons-io/commons-io/2.4/commons-io-2.4.jar
7fa459c42000-7fa459e42000 rw-p 00000000 00:00 0 
7fa459e42000-7fa459e54000 r-xp 00000000 fd:00 1471772                    /usr/lib/jvm/java-1.8.0-openjdk-1.8.0.131-2.b11.el7_3.x86_64/jre/lib/amd64/libnio.so
7fa459e54000-7fa45a053000 ---p 00012000 fd:00 1471772                    /usr/lib/jvm/java-1.8.0-openjdk-1.8.0.131-2.b11.el7_3.x86_64/jre/lib/amd64/libnio.so
7fa45a053000-7fa45a054000 r--p 00011000 fd:00 1471772                    /usr/lib/jvm/java-1.8.0-openjdk-1.8.0.131-2.b11.el7_3.x86_64/jre/lib/amd64/libnio.so
7fa45a054000-7fa45a055000 rw-p 00012000 fd:00 1471772                    /usr/lib/jvm/java-1.8.0-openjdk-1.8.0.131-2.b11.el7_3.x86_64/jre/lib/amd64/libnio.so
7fa45a055000-7fa45a06c000 r-xp 00000000 fd:00 1471771                    /usr/lib/jvm/java-1.8.0-openjdk-1.8.0.131-2.b11.el7_3.x86_64/jre/lib/amd64/libnet.so
7fa45a06c000-7fa45a26b000 ---p 00017000 fd:00 1471771                    /usr/lib/jvm/java-1.8.0-openjdk-1.8.0.131-2.b11.el7_3.x86_64/jre/lib/amd64/libnet.so
7fa45a26b000-7fa45a26c000 r--p 00016000 fd:00 1471771                    /usr/lib/jvm/java-1.8.0-openjdk-1.8.0.131-2.b11.el7_3.x86_64/jre/lib/amd64/libnet.so
7fa45a26c000-7fa45a26d000 rw-p 00017000 fd:00 1471771                    /usr/lib/jvm/java-1.8.0-openjdk-1.8.0.131-2.b11.el7_3.x86_64/jre/lib/amd64/libnet.so
7fa45a26d000-7fa45a46d000 rw-p 00000000 00:00 0 
7fa45a46d000-7fa45a66d000 rw-p 00000000 00:00 0 
7fa45a66d000-7fa45a86d000 rw-p 00000000 00:00 0 
7fa45a86d000-7fa45a86f000 r-xp 00000000 fd:00 1074752731                 /usr/lib64/libutil-2.17.so
7fa45a86f000-7fa45aa6e000 ---p 00002000 fd:00 1074752731                 /usr/lib64/libutil-2.17.so
7fa45aa6e000-7fa45aa6f000 r--p 00001000 fd:00 1074752731                 /usr/lib64/libutil-2.17.so
7fa45aa6f000-7fa45aa70000 rw-p 00002000 fd:00 1074752731                 /usr/lib64/libutil-2.17.so
7fa45aa70000-7fa45aa71000 r--s 00004000 00:2d 3230126519                 /home/vivkumar/.m2/repository/org/codehaus/plexus/plexus-compiler-javac/2.2/plexus-compiler-javac-2.2.jar
7fa45aa71000-7fa45aa73000 r--s 00006000 00:2d 643730                     /home/vivkumar/.m2/repository/com/google/code/findbugs/jsr305/2.0.1/jsr305-2.0.1.jar
7fa45aa73000-7fa45aa76000 r--s 00023000 00:2d 7516652946                 /home/vivkumar/.m2/repository/org/apache/maven/shared/maven-shared-utils/3.0.0/maven-shared-utils-3.0.0.jar
7fa45aa76000-7fa45aa78000 r--s 0000b000 00:2d 6443714189                 /home/vivkumar/.m2/repository/org/apache/maven/shared/maven-filtering/3.1.1/maven-filtering-3.1.1.jar
7fa45aa78000-7fa45aa7c000 r--s 00039000 00:2d 2148473633                 /home/vivkumar/.m2/repository/org/codehaus/plexus/plexus-utils/3.0.24/plexus-utils-3.0.24.jar
7fa45aa7c000-7fa45aa7e000 r--s 00002000 00:2d 4295018155                 /home/vivkumar/.m2/repository/org/sonatype/plexus/plexus-cipher/1.4/plexus-cipher-1.4.jar
7fa45aa7e000-7fa45aa7f000 r--s 00006000 00:2d 7528956042                 /home/vivkumar/.m2/repository/org/sonatype/plexus/plexus-sec-dispatcher/1.3/plexus-sec-dispatcher-1.3.jar
7fa45aa7f000-7fa45aa83000 r--s 00017000 00:2d 4295438030                 /home/vivkumar/.m2/repository/org/sonatype/aether/aether-util/1.7/aether-util-1.7.jar
7fa45aa83000-7fa45aa8e000 r--s 00069000 00:2d 1074439749                 /home/vivkumar/.m2/repository/org/sonatype/sisu/sisu-guice/2.1.7/sisu-guice-2.1.7-noaop.jar
7fa45aa8e000-7fa45aa91000 r-xp 00000000 00:2d 10739504453                /home/vivkumar/maven/apache-maven-3.5.4/lib/jansi-native/linux64/libjansi.so
7fa45aa91000-7fa45ac90000 ---p 00003000 00:2d 10739504453                /home/vivkumar/maven/apache-maven-3.5.4/lib/jansi-native/linux64/libjansi.so
7fa45ac90000-7fa45ac91000 rw-p 00002000 00:2d 10739504453                /home/vivkumar/maven/apache-maven-3.5.4/lib/jansi-native/linux64/libjansi.so
7fa45ac91000-7fa45acbe000 r--s 001de000 00:2d 5388004529                 /home/vivkumar/maven/apache-maven-3.5.4/lib/wagon-http-3.1.0-shaded.jar
7fa45acbe000-7fa45aced000 r--s 00226000 00:2d 5388004515                 /home/vivkumar/maven/apache-maven-3.5.4/lib/guava-20.0.jar
7fa45aced000-7fa45acee000 ---p 00000000 00:00 0 
7fa45acee000-7fa45adee000 rw-p 00000000 00:00 0                          [stack:17343]
7fa45adee000-7fa45adf1000 ---p 00000000 00:00 0 
7fa45adf1000-7fa45aeef000 rw-p 00000000 00:00 0                          [stack:17342]
7fa45aeef000-7fa45aef2000 ---p 00000000 00:00 0 
7fa45aef2000-7fa45aff0000 rw-p 00000000 00:00 0                          [stack:17341]
7fa45aff0000-7fa45aff3000 ---p 00000000 00:00 0 
7fa45aff3000-7fa45b0f1000 rw-p 00000000 00:00 0                          [stack:17340]
7fa45b0f1000-7fa45b0f4000 ---p 00000000 00:00 0 
7fa45b0f4000-7fa45b1f2000 rw-p 00000000 00:00 0                          [stack:17339]
7fa45b1f2000-7fa45b1f5000 ---p 00000000 00:00 0 
7fa45b1f5000-7fa45b2f3000 rw-p 00000000 00:00 0                          [stack:17338]
7fa45b2f3000-7fa45b2f6000 ---p 00000000 00:00 0 
7fa45b2f6000-7fa45b3f4000 rw-p 00000000 00:00 0                          [stack:17337]
7fa45b3f4000-7fa45b3f7000 ---p 00000000 00:00 0 
7fa45b3f7000-7fa45b4f5000 rw-p 00000000 00:00 0                          [stack:17336]
7fa45b4f5000-7fa45b4f6000 ---p 00000000 00:00 0 
7fa45b4f6000-7fa45c000000 rw-p 00000000 00:00 0                          [stack:17335]
7fa45c000000-7fa45c02b000 rw-p 00000000 00:00 0 
7fa45c02b000-7fa460000000 ---p 00000000 00:00 0 
7fa460000000-7fa460002000 r--s 00000000 00:2d 6443461565                 /home/vivkumar/.m2/repository/org/codehaus/plexus/plexus-component-annotations/1.6/plexus-component-annotations-1.6.jar
7fa460002000-7fa460007000 r--s 00021000 00:2d 929509                     /home/vivkumar/.m2/repository/org/sonatype/sisu/sisu-inject-bean/1.4.2/sisu-inject-bean-1.4.2.jar
7fa460007000-7fa460008000 r--s 00007000 00:2d 2149126360                 /home/vivkumar/.m2/repository/org/apache/maven/plugins/maven-resources-plugin/3.0.1/maven-resources-plugin-3.0.1.jar
7fa460008000-7fa46000c000 r--s 000b3000 fd:00 1614704240                 /usr/lib/jvm/java-1.8.0-openjdk-1.8.0.131-2.b11.el7_3.x86_64/jre/lib/jsse.jar
7fa46000c000-7fa460010000 r--s 00042000 00:2d 5388004535                 /home/vivkumar/maven/apache-maven-3.5.4/lib/jansi-1.17.1.jar
7fa460010000-7fa460011000 r--s 00005000 00:2d 5388004534                 /home/vivkumar/maven/apache-maven-3.5.4/lib/maven-slf4j-provider-3.5.4.jar
7fa460011000-7fa460013000 r--s 00006000 00:2d 5388004533                 /home/vivkumar/maven/apache-maven-3.5.4/lib/maven-resolver-transport-wagon-1.1.1.jar
7fa460013000-7fa460015000 r--s 00009000 00:2d 5388004532                 /home/vivkumar/maven/apache-maven-3.5.4/lib/maven-resolver-connector-basic-1.1.1.jar
7fa460015000-7fa460016000 r--s 00002000 00:2d 5388004531                 /home/vivkumar/maven/apache-maven-3.5.4/lib/wagon-file-3.1.0.jar
7fa460016000-7fa460018000 r--s 00003000 00:2d 5388004530                 /home/vivkumar/maven/apache-maven-3.5.4/lib/jcl-over-slf4j-1.7.25.jar
7fa460018000-7fa46001a000 r--s 0000c000 00:2d 5388004528                 /home/vivkumar/maven/apache-maven-3.5.4/lib/wagon-provider-api-3.1.0.jar
7fa46001a000-7fa460020000 r--s 00041000 00:2d 5388004527                 /home/vivkumar/maven/apache-maven-3.5.4/lib/maven-compat-3.5.4.jar
7fa460020000-7fa460022000 r--s 0000c000 00:2d 5388004526                 /home/vivkumar/maven/apache-maven-3.5.4/lib/commons-cli-1.4.jar
7fa460022000-7fa46002d000 r--s 00075000 00:2d 5388004523                 /home/vivkumar/maven/apache-maven-3.5.4/lib/guice-4.2.0-no_aop.jar
7fa46002d000-7fa46d000000 rw-p 00000000 00:00 0 
7fa46d000000-7fa46e320000 rwxp 00000000 00:00 0 
7fa46e320000-7fa47c000000 ---p 00000000 00:00 0 
7fa47c000000-7fa47ce11000 rw-p 00000000 00:00 0 
7fa47ce11000-7fa480000000 ---p 00000000 00:00 0 
7fa480000000-7fa480002000 r--s 00009000 00:2d 5388004525                 /home/vivkumar/maven/apache-maven-3.5.4/lib/slf4j-api-1.7.25.jar
7fa480002000-7fa480004000 r--s 00000000 00:2d 5388004524                 /home/vivkumar/maven/apache-maven-3.5.4/lib/aopalliance-1.0.jar
7fa480004000-7fa480008000 r--s 0002f000 00:2d 5388004522                 /home/vivkumar/maven/apache-maven-3.5.4/lib/commons-io-2.5.jar
7fa480008000-7fa48000b000 r--s 00026000 00:2d 5388004521                 /home/vivkumar/maven/apache-maven-3.5.4/lib/maven-shared-utils-3.2.1.jar
7fa48000b000-7fa48000f000 r--s 0002a000 00:2d 5388004520                 /home/vivkumar/maven/apache-maven-3.5.4/lib/maven-resolver-impl-1.1.1.jar
7fa48000f000-7fa480013000 r--s 00023000 00:2d 5388004519                 /home/vivkumar/maven/apache-maven-3.5.4/lib/maven-resolver-util-1.1.1.jar
7fa480013000-7fa480015000 r--s 00007000 00:2d 5388004518                 /home/vivkumar/maven/apache-maven-3.5.4/lib/maven-resolver-spi-1.1.1.jar
7fa480015000-7fa480019000 r--s 00020000 00:2d 5388004517                 /home/vivkumar/maven/apache-maven-3.5.4/lib/maven-resolver-api-1.1.1.jar
7fa480019000-7fa48001b000 r--s 0000f000 00:2d 5388004516                 /home/vivkumar/maven/apache-maven-3.5.4/lib/maven-resolver-provider-3.5.4.jar
7fa48001b000-7fa480020000 r--s 00027000 00:2d 5388004514                 /home/vivkumar/maven/apache-maven-3.5.4/lib/maven-model-builder-3.5.4.jar
7fa480020000-7fa480027000 r--s 00056000 00:2d 5388004513                 /home/vivkumar/maven/apache-maven-3.5.4/lib/org.eclipse.sisu.inject-0.3.3.jar
7fa480027000-7fa480028000 r--s 00000000 00:2d 5388004512                 /home/vivkumar/maven/apache-maven-3.5.4/lib/javax.inject-1.jar
7fa480028000-7fa48002b000 r--s 00008000 00:2d 5388004510                 /home/vivkumar/maven/apache-maven-3.5.4/lib/cdi-api-1.0.jar
7fa48002b000-7fa480031000 r--s 0002d000 00:2d 5388004509                 /home/vivkumar/maven/apache-maven-3.5.4/lib/org.eclipse.sisu.plexus-0.3.3.jar
7fa480031000-7fa480033000 r--s 0000a000 00:2d 5388004508                 /home/vivkumar/maven/apache-maven-3.5.4/lib/maven-plugin-api-3.5.4.jar
7fa480033000-7fa480508000 rw-p 00000000 00:00 0 
7fa480508000-7fa4806d6000 r--s 043e2000 fd:00 1614704249                 /usr/lib/jvm/java-1.8.0-openjdk-1.8.0.131-2.b11.el7_3.x86_64/jre/lib/rt.jar
7fa4806d6000-7fa4807a7000 rw-p 00000000 00:00 0 
7fa4807a7000-7fa4807a8000 ---p 00000000 00:00 0 
7fa4807a8000-7fa4808a8000 rw-p 00000000 00:00 0                          [stack:17334]
7fa4808a8000-7fa4808a9000 ---p 00000000 00:00 0 
7fa4808a9000-7fa4809a9000 rw-p 00000000 00:00 0                          [stack:17332]
7fa4809a9000-7fa4809aa000 ---p 00000000 00:00 0 
7fa4809aa000-7fa480aaa000 rw-p 00000000 00:00 0                          [stack:17331]
7fa480aaa000-7fa480aab000 ---p 00000000 00:00 0 
7fa480aab000-7fa480c46000 rw-p 00000000 00:00 0                          [stack:17330]
7fa480c46000-7fa481377000 ---p 00000000 00:00 0 
7fa481377000-7fa481412000 rw-p 00000000 00:00 0 
7fa481412000-7fa481b43000 ---p 00000000 00:00 0 
7fa481b43000-7fa481c29000 rw-p 00000000 00:00 0 
7fa481c29000-7fa481f29000 ---p 00000000 00:00 0 
7fa481f29000-7fa481f77000 rw-p 00000000 00:00 0 
7fa481f77000-7fa4822ea000 ---p 00000000 00:00 0 
7fa4822ea000-7fa4822f2000 r-xp 00000000 fd:00 1471779                    /usr/lib/jvm/java-1.8.0-openjdk-1.8.0.131-2.b11.el7_3.x86_64/jre/lib/amd64/libzip.so
7fa4822f2000-7fa4824f1000 ---p 00008000 fd:00 1471779                    /usr/lib/jvm/java-1.8.0-openjdk-1.8.0.131-2.b11.el7_3.x86_64/jre/lib/amd64/libzip.so
7fa4824f1000-7fa4824f2000 r--p 00007000 fd:00 1471779                    /usr/lib/jvm/java-1.8.0-openjdk-1.8.0.131-2.b11.el7_3.x86_64/jre/lib/amd64/libzip.so
7fa4824f2000-7fa4824f3000 rw-p 00008000 fd:00 1471779                    /usr/lib/jvm/java-1.8.0-openjdk-1.8.0.131-2.b11.el7_3.x86_64/jre/lib/amd64/libzip.so
7fa4824f3000-7fa482509000 r-xp 00000000 fd:00 1074752707                 /usr/lib64/libnsl-2.17.so
7fa482509000-7fa482708000 ---p 00016000 fd:00 1074752707                 /usr/lib64/libnsl-2.17.so
7fa482708000-7fa482709000 r--p 00015000 fd:00 1074752707                 /usr/lib64/libnsl-2.17.so
7fa482709000-7fa48270a000 rw-p 00016000 fd:00 1074752707                 /usr/lib64/libnsl-2.17.so
7fa48270a000-7fa48270c000 rw-p 00000000 00:00 0 
7fa48270c000-7fa482716000 r-xp 00000000 fd:00 1074752719                 /usr/lib64/libnss_nis-2.17.so
7fa482716000-7fa482916000 ---p 0000a000 fd:00 1074752719                 /usr/lib64/libnss_nis-2.17.so
7fa482916000-7fa482917000 r--p 0000a000 fd:00 1074752719                 /usr/lib64/libnss_nis-2.17.so
7fa482917000-7fa482918000 rw-p 0000b000 fd:00 1074752719                 /usr/lib64/libnss_nis-2.17.so
7fa482918000-7fa482924000 r-xp 00000000 fd:00 1074752715                 /usr/lib64/libnss_files-2.17.so
7fa482924000-7fa482b23000 ---p 0000c000 fd:00 1074752715                 /usr/lib64/libnss_files-2.17.so
7fa482b23000-7fa482b24000 r--p 0000b000 fd:00 1074752715                 /usr/lib64/libnss_files-2.17.so
7fa482b24000-7fa482b25000 rw-p 0000c000 fd:00 1074752715                 /usr/lib64/libnss_files-2.17.so
7fa482b25000-7fa482b2b000 rw-p 00000000 00:00 0 
7fa482b2b000-7fa482b58000 r-xp 00000000 fd:00 1471761                    /usr/lib/jvm/java-1.8.0-openjdk-1.8.0.131-2.b11.el7_3.x86_64/jre/lib/amd64/libjava.so
7fa482b58000-7fa482d58000 ---p 0002d000 fd:00 1471761                    /usr/lib/jvm/java-1.8.0-openjdk-1.8.0.131-2.b11.el7_3.x86_64/jre/lib/amd64/libjava.so
7fa482d58000-7fa482d59000 r--p 0002d000 fd:00 1471761                    /usr/lib/jvm/java-1.8.0-openjdk-1.8.0.131-2.b11.el7_3.x86_64/jre/lib/amd64/libjava.so
7fa482d59000-7fa482d5b000 rw-p 0002e000 fd:00 1471761                    /usr/lib/jvm/java-1.8.0-openjdk-1.8.0.131-2.b11.el7_3.x86_64/jre/lib/amd64/libjava.so
7fa482d5b000-7fa482d68000 r-xp 00000000 fd:00 1471778                    /usr/lib/jvm/java-1.8.0-openjdk-1.8.0.131-2.b11.el7_3.x86_64/jre/lib/amd64/libverify.so
7fa482d68000-7fa482f67000 ---p 0000d000 fd:00 1471778                    /usr/lib/jvm/java-1.8.0-openjdk-1.8.0.131-2.b11.el7_3.x86_64/jre/lib/amd64/libverify.so
7fa482f67000-7fa482f69000 r--p 0000c000 fd:00 1471778                    /usr/lib/jvm/java-1.8.0-openjdk-1.8.0.131-2.b11.el7_3.x86_64/jre/lib/amd64/libverify.so
7fa482f69000-7fa482f6a000 rw-p 0000e000 fd:00 1471778                    /usr/lib/jvm/java-1.8.0-openjdk-1.8.0.131-2.b11.el7_3.x86_64/jre/lib/amd64/libverify.so
7fa482f6a000-7fa482f71000 r-xp 00000000 fd:00 1074752727                 /usr/lib64/librt-2.17.so
7fa482f71000-7fa483170000 ---p 00007000 fd:00 1074752727                 /usr/lib64/librt-2.17.so
7fa483170000-7fa483171000 r--p 00006000 fd:00 1074752727                 /usr/lib64/librt-2.17.so
7fa483171000-7fa483172000 rw-p 00007000 fd:00 1074752727                 /usr/lib64/librt-2.17.so
7fa483172000-7fa483187000 r-xp 00000000 fd:00 1074748489                 /usr/lib64/libgcc_s-4.8.5-20150702.so.1
7fa483187000-7fa483386000 ---p 00015000 fd:00 1074748489                 /usr/lib64/libgcc_s-4.8.5-20150702.so.1
7fa483386000-7fa483387000 r--p 00014000 fd:00 1074748489                 /usr/lib64/libgcc_s-4.8.5-20150702.so.1
7fa483387000-7fa483388000 rw-p 00015000 fd:00 1074748489                 /usr/lib64/libgcc_s-4.8.5-20150702.so.1
7fa483388000-7fa483489000 r-xp 00000000 fd:00 1074752705                 /usr/lib64/libm-2.17.so
7fa483489000-7fa483688000 ---p 00101000 fd:00 1074752705                 /usr/lib64/libm-2.17.so
7fa483688000-7fa483689000 r--p 00100000 fd:00 1074752705                 /usr/lib64/libm-2.17.so
7fa483689000-7fa48368a000 rw-p 00101000 fd:00 1074752705                 /usr/lib64/libm-2.17.so
7fa48368a000-7fa483773000 r-xp 00000000 fd:00 1074753027                 /usr/lib64/libstdc++.so.6.0.19
7fa483773000-7fa483973000 ---p 000e9000 fd:00 1074753027                 /usr/lib64/libstdc++.so.6.0.19
7fa483973000-7fa48397c000 r--p 000e9000 fd:00 1074753027                 /usr/lib64/libstdc++.so.6.0.19
7fa48397c000-7fa48397e000 rw-p 000f2000 fd:00 1074753027                 /usr/lib64/libstdc++.so.6.0.19
7fa48397e000-7fa483993000 rw-p 00000000 00:00 0 
7fa483993000-7fa4845a5000 r-xp 00000000 fd:00 1614704229                 /usr/lib/jvm/java-1.8.0-openjdk-1.8.0.131-2.b11.el7_3.x86_64/jre/lib/amd64/server/libjvm.so
7fa4845a5000-7fa4847a4000 ---p 00c12000 fd:00 1614704229                 /usr/lib/jvm/java-1.8.0-openjdk-1.8.0.131-2.b11.el7_3.x86_64/jre/lib/amd64/server/libjvm.so
7fa4847a4000-7fa484843000 r--p 00c11000 fd:00 1614704229                 /usr/lib/jvm/java-1.8.0-openjdk-1.8.0.131-2.b11.el7_3.x86_64/jre/lib/amd64/server/libjvm.so
7fa484843000-7fa48486c000 rw-p 00cb0000 fd:00 1614704229                 /usr/lib/jvm/java-1.8.0-openjdk-1.8.0.131-2.b11.el7_3.x86_64/jre/lib/amd64/server/libjvm.so
7fa48486c000-7fa48489e000 rw-p 00000000 00:00 0 
7fa48489e000-7fa484a54000 r-xp 00000000 fd:00 1074752697                 /usr/lib64/libc-2.17.so
7fa484a54000-7fa484c54000 ---p 001b6000 fd:00 1074752697                 /usr/lib64/libc-2.17.so
7fa484c54000-7fa484c58000 r--p 001b6000 fd:00 1074752697                 /usr/lib64/libc-2.17.so
7fa484c58000-7fa484c5a000 rw-p 001ba000 fd:00 1074752697                 /usr/lib64/libc-2.17.so
7fa484c5a000-7fa484c5f000 rw-p 00000000 00:00 0 
7fa484c5f000-7fa484c62000 r-xp 00000000 fd:00 1074752703                 /usr/lib64/libdl-2.17.so
7fa484c62000-7fa484e61000 ---p 00003000 fd:00 1074752703                 /usr/lib64/libdl-2.17.so
7fa484e61000-7fa484e62000 r--p 00002000 fd:00 1074752703                 /usr/lib64/libdl-2.17.so
7fa484e62000-7fa484e63000 rw-p 00003000 fd:00 1074752703                 /usr/lib64/libdl-2.17.so
7fa484e63000-7fa484e71000 r-xp 00000000 fd:00 1078545542                 /usr/lib/jvm/java-1.8.0-openjdk-1.8.0.131-2.b11.el7_3.x86_64/jre/lib/amd64/jli/libjli.so
7fa484e71000-7fa485070000 ---p 0000e000 fd:00 1078545542                 /usr/lib/jvm/java-1.8.0-openjdk-1.8.0.131-2.b11.el7_3.x86_64/jre/lib/amd64/jli/libjli.so
7fa485070000-7fa485071000 r--p 0000d000 fd:00 1078545542                 /usr/lib/jvm/java-1.8.0-openjdk-1.8.0.131-2.b11.el7_3.x86_64/jre/lib/amd64/jli/libjli.so
7fa485071000-7fa485072000 rw-p 0000e000 fd:00 1078545542                 /usr/lib/jvm/java-1.8.0-openjdk-1.8.0.131-2.b11.el7_3.x86_64/jre/lib/amd64/jli/libjli.so
7fa485072000-7fa485087000 r-xp 00000000 fd:00 1074753120                 /usr/lib64/libz.so.1.2.7
7fa485087000-7fa485286000 ---p 00015000 fd:00 1074753120                 /usr/lib64/libz.so.1.2.7
7fa485286000-7fa485287000 r--p 00014000 fd:00 1074753120                 /usr/lib64/libz.so.1.2.7
7fa485287000-7fa485288000 rw-p 00015000 fd:00 1074753120                 /usr/lib64/libz.so.1.2.7
7fa485288000-7fa48529e000 r-xp 00000000 fd:00 1074752723                 /usr/lib64/libpthread-2.17.so
7fa48529e000-7fa48549e000 ---p 00016000 fd:00 1074752723                 /usr/lib64/libpthread-2.17.so
7fa48549e000-7fa48549f000 r--p 00016000 fd:00 1074752723                 /usr/lib64/libpthread-2.17.so
7fa48549f000-7fa4854a0000 rw-p 00017000 fd:00 1074752723                 /usr/lib64/libpthread-2.17.so
7fa4854a0000-7fa4854a4000 rw-p 00000000 00:00 0 
7fa4854a4000-7fa4854c5000 r-xp 00000000 fd:00 1074752690                 /usr/lib64/ld-2.17.so
7fa4854c5000-7fa4854c6000 r--s 00001000 00:2d 5388004511                 /home/vivkumar/maven/apache-maven-3.5.4/lib/jsr250-api-1.0.jar
7fa4854c6000-7fa4854c8000 r--s 0000c000 00:2d 5388004507                 /home/vivkumar/maven/apache-maven-3.5.4/lib/maven-artifact-3.5.4.jar
7fa4854c8000-7fa4854cb000 r--s 00026000 00:2d 5388004505                 /home/vivkumar/maven/apache-maven-3.5.4/lib/maven-model-3.5.4.jar
7fa4854cb000-7fa4854d8000 r--s 0008d000 00:2d 5388004504                 /home/vivkumar/maven/apache-maven-3.5.4/lib/maven-core-3.5.4.jar
7fa4854d8000-7fa4854da000 r--s 00002000 00:2d 5388004503                 /home/vivkumar/maven/apache-maven-3.5.4/lib/plexus-cipher-1.7.jar
7fa4854da000-7fa4854e2000 r--s 0006e000 00:2d 5388004499                 /home/vivkumar/maven/apache-maven-3.5.4/lib/commons-lang3-3.5.jar
7fa4854e2000-7fa4855a0000 rw-p 00000000 00:00 0 
7fa4855a0000-7fa4855a3000 ---p 00000000 00:00 0 
7fa4855a3000-7fa4856a6000 rw-p 00000000 00:00 0                          [stack:17329]
7fa4856a6000-7fa4856a7000 r--s 00006000 00:2d 5388004506                 /home/vivkumar/maven/apache-maven-3.5.4/lib/maven-repository-metadata-3.5.4.jar
7fa4856a7000-7fa4856a8000 r--s 00006000 00:2d 5388004502                 /home/vivkumar/maven/apache-maven-3.5.4/lib/plexus-sec-dispatcher-1.4.jar
7fa4856a8000-7fa4856aa000 r--s 00000000 00:2d 5388004501                 /home/vivkumar/maven/apache-maven-3.5.4/lib/plexus-component-annotations-1.7.1.jar
7fa4856aa000-7fa4856ad000 r--s 00011000 00:2d 5388004500                 /home/vivkumar/maven/apache-maven-3.5.4/lib/plexus-interpolation-1.24.jar
7fa4856ad000-7fa4856ae000 r--s 00003000 00:2d 5388004498                 /home/vivkumar/maven/apache-maven-3.5.4/lib/maven-builder-support-3.5.4.jar
7fa4856ae000-7fa4856b0000 r--s 00009000 00:2d 5388004497                 /home/vivkumar/maven/apache-maven-3.5.4/lib/maven-settings-builder-3.5.4.jar
7fa4856b0000-7fa4856b4000 r--s 0003c000 00:2d 5388004496                 /home/vivkumar/maven/apache-maven-3.5.4/lib/plexus-utils-3.1.0.jar
7fa4856b4000-7fa4856b5000 r--s 0000a000 00:2d 5388004495                 /home/vivkumar/maven/apache-maven-3.5.4/lib/maven-settings-3.5.4.jar
7fa4856b5000-7fa4856b8000 r--s 00016000 00:2d 5388004494                 /home/vivkumar/maven/apache-maven-3.5.4/lib/maven-embedder-3.5.4.jar
7fa4856b8000-7fa4856ba000 r--s 0000b000 00:2d 7546276350                 /home/vivkumar/maven/apache-maven-3.5.4/boot/plexus-classworlds-2.5.2.jar
7fa4856ba000-7fa4856c2000 rw-s 00000000 fd:00 11347798                   /tmp/hsperfdata_vivkumar/17312
7fa4856c2000-7fa4856c3000 rw-p 00000000 00:00 0 
7fa4856c3000-7fa4856c4000 r--p 00000000 00:00 0 
7fa4856c4000-7fa4856c5000 rw-p 00000000 00:00 0 
7fa4856c5000-7fa4856c6000 r--p 00021000 fd:00 1074752690                 /usr/lib64/ld-2.17.so
7fa4856c6000-7fa4856c7000 rw-p 00022000 fd:00 1074752690                 /usr/lib64/ld-2.17.so
7fa4856c7000-7fa4856c8000 rw-p 00000000 00:00 0 
7ffc35a99000-7ffc35abb000 rw-p 00000000 00:00 0                          [stack]
7ffc35bf4000-7ffc35bf6000 r-xp 00000000 00:00 0                          [vdso]
ffffffffff600000-ffffffffff601000 r-xp 00000000 00:00 0                  [vsyscall]

VM Arguments:
jvm_args: -Xms256m -Dclassworlds.conf=/home/vivkumar/maven/apache-maven-3.5.4/bin/m2.conf -Dmaven.home=/home/vivkumar/maven/apache-maven-3.5.4 -Dlibrary.jansi.path=/home/vivkumar/maven/apache-maven-3.5.4/lib/jansi-native -Dmaven.multiModuleProjectDirectory=/home/vivkumar/spring-boot-mariadb-jpa-hibernate-master/spring-boot-mariadb-jpa-hibernate-master 
java_command: org.codehaus.plexus.classworlds.launcher.Launcher spring-boot:run -X
java_class_path (initial): /home/vivkumar/maven/apache-maven-3.5.4/boot/plexus-classworlds-2.5.2.jar
Launcher Type: SUN_STANDARD

Environment Variables:
PATH=/home/vivkumar/maven/apache-maven-3.5.4/bin:/bin:/sbin:/usr/bin:/usr/sbin:/usr/local/bin
LD_LIBRARY_PATH=/usr/lib:/lib:/usr/X11R6/lib
SHELL=/bin/bash
DISPLAY=:1

Signal Handlers:
SIGSEGV: [libjvm.so+0xa15d20], sa_mask[0]=11111111011111111101111111111110, sa_flags=SA_RESTART|SA_SIGINFO
SIGBUS: [libjvm.so+0xa15d20], sa_mask[0]=11111111011111111101111111111110, sa_flags=SA_RESTART|SA_SIGINFO
SIGFPE: [libjvm.so+0x871070], sa_mask[0]=11111111011111111101111111111110, sa_flags=SA_RESTART|SA_SIGINFO
SIGPIPE: [libjvm.so+0x871070], sa_mask[0]=11111111011111111101111111111110, sa_flags=SA_RESTART|SA_SIGINFO
SIGXFSZ: [libjvm.so+0x871070], sa_mask[0]=11111111011111111101111111111110, sa_flags=SA_RESTART|SA_SIGINFO
SIGILL: [libjvm.so+0x871070], sa_mask[0]=11111111011111111101111111111110, sa_flags=SA_RESTART|SA_SIGINFO
SIGUSR1: SIG_DFL, sa_mask[0]=00000000000000000000000000000000, sa_flags=none
SIGUSR2: [libjvm.so+0x870f20], sa_mask[0]=00000000000000000000000000000000, sa_flags=SA_RESTART|SA_SIGINFO
SIGHUP: [libjvm.so+0x871130], sa_mask[0]=11111111011111111101111111111110, sa_flags=SA_RESTART|SA_SIGINFO
SIGINT: [libjvm.so+0x871130], sa_mask[0]=11111111011111111101111111111110, sa_flags=SA_RESTART|SA_SIGINFO
SIGTERM: [libjvm.so+0x871130], sa_mask[0]=11111111011111111101111111111110, sa_flags=SA_RESTART|SA_SIGINFO
SIGQUIT: [libjvm.so+0x871130], sa_mask[0]=11111111011111111101111111111110, sa_flags=SA_RESTART|SA_SIGINFO


---------------  S Y S T E M  ---------------

OS:Red Hat Enterprise Linux Workstation release 7.2 (Maipo)

uname:Linux 3.10.0-327.36.3.el7.x86_64 #1 SMP Thu Oct 20 04:56:07 EDT 2016 x86_64
libc:glibc 2.17 NPTL 2.17 
rlimit: STACK 10240k, CORE 0k, NPROC 4096, NOFILE 4096, AS infinity
load average:0.26 0.44 0.30

/proc/meminfo:
MemTotal:       24524968 kB
MemFree:        18442440 kB
MemAvailable:   20593200 kB
Buffers:            1416 kB
Cached:          2315492 kB
SwapCached:            0 kB
Active:          4242448 kB
Inactive:        1287388 kB
Active(anon):    3217216 kB
Inactive(anon):    91568 kB
Active(file):    1025232 kB
Inactive(file):  1195820 kB
Unevictable:           0 kB
Mlocked:               0 kB
SwapTotal:       8191996 kB
SwapFree:        8191996 kB
Dirty:               216 kB
Writeback:             0 kB
AnonPages:       3212928 kB
Mapped:           332696 kB
Shmem:             95856 kB
Slab:             237344 kB
SReclaimable:     183100 kB
SUnreclaim:        54244 kB
KernelStack:       10208 kB
PageTables:        42500 kB
NFS_Unstable:          0 kB
Bounce:                0 kB
WritebackTmp:          0 kB
CommitLimit:    20454480 kB
Committed_AS:    8182804 kB
VmallocTotal:   34359738367 kB
VmallocUsed:       61392 kB
VmallocChunk:   34359671080 kB
HardwareCorrupted:     0 kB
AnonHugePages:   2228224 kB
HugePages_Total:       0
HugePages_Free:        0
HugePages_Rsvd:        0
HugePages_Surp:        0
Hugepagesize:       2048 kB
DirectMap4k:       73716 kB
DirectMap2M:     3072000 kB
DirectMap1G:    24117248 kB


CPU:total 4 (initial active 4) (1 cores per cpu, 1 threads per core) family 6 model 42 stepping 1, cmov, cx8, fxsr, mmx, sse, sse2, sse3, ssse3, sse4.1, sse4.2, popcnt, avx, avx2, aes, clmul, erms, lzcnt, tsc, bmi1, bmi2

/proc/cpuinfo:
processor	: 0
vendor_id	: GenuineIntel
cpu family	: 6
model		: 42
model name	: Intel Xeon E312xx (Sandy Bridge)
stepping	: 1
microcode	: 0x1
cpu MHz		: 3691.450
cache size	: 4096 KB
physical id	: 0
siblings	: 1
core id		: 0
cpu cores	: 1
apicid		: 0
initial apicid	: 0
fpu		: yes
fpu_exception	: yes
cpuid level	: 13
wp		: yes
flags		: fpu vme de pse tsc msr pae mce cx8 apic sep mtrr pge mca cmov pat pse36 clflush mmx fxsr sse sse2 ss syscall nx pdpe1gb rdtscp lm constant_tsc rep_good nopl eagerfpu pni pclmulqdq ssse3 fma cx16 pcid sse4_1 sse4_2 x2apic movbe popcnt tsc_deadline_timer aes xsave avx f16c rdrand hypervisor lahf_lm abm fsgsbase bmi1 avx2 smep bmi2 erms invpcid xsaveopt
bogomips	: 7382.90
clflush size	: 64
cache_alignment	: 64
address sizes	: 46 bits physical, 48 bits virtual
power management:

processor	: 1
vendor_id	: GenuineIntel
cpu family	: 6
model		: 42
model name	: Intel Xeon E312xx (Sandy Bridge)
stepping	: 1
microcode	: 0x1
cpu MHz		: 3691.450
cache size	: 4096 KB
physical id	: 1
siblings	: 1
core id		: 0
cpu cores	: 1
apicid		: 1
initial apicid	: 1
fpu		: yes
fpu_exception	: yes
cpuid level	: 13
wp		: yes
flags		: fpu vme de pse tsc msr pae mce cx8 apic sep mtrr pge mca cmov pat pse36 clflush mmx fxsr sse sse2 ss syscall nx pdpe1gb rdtscp lm constant_tsc rep_good nopl eagerfpu pni pclmulqdq ssse3 fma cx16 pcid sse4_1 sse4_2 x2apic movbe popcnt tsc_deadline_timer aes xsave avx f16c rdrand hypervisor lahf_lm abm fsgsbase bmi1 avx2 smep bmi2 erms invpcid xsaveopt
bogomips	: 7382.90
clflush size	: 64
cache_alignment	: 64
address sizes	: 46 bits physical, 48 bits virtual
power management:

processor	: 2
vendor_id	: GenuineIntel
cpu family	: 6
model		: 42
model name	: Intel Xeon E312xx (Sandy Bridge)
stepping	: 1
microcode	: 0x1
cpu MHz		: 3691.450
cache size	: 4096 KB
physical id	: 2
siblings	: 1
core id		: 0
cpu cores	: 1
apicid		: 2
initial apicid	: 2
fpu		: yes
fpu_exception	: yes
cpuid level	: 13
wp		: yes
flags		: fpu vme de pse tsc msr pae mce cx8 apic sep mtrr pge mca cmov pat pse36 clflush mmx fxsr sse sse2 ss syscall nx pdpe1gb rdtscp lm constant_tsc rep_good nopl eagerfpu pni pclmulqdq ssse3 fma cx16 pcid sse4_1 sse4_2 x2apic movbe popcnt tsc_deadline_timer aes xsave avx f16c rdrand hypervisor lahf_lm abm fsgsbase bmi1 avx2 smep bmi2 erms invpcid xsaveopt
bogomips	: 7382.90
clflush size	: 64
cache_alignment	: 64
address sizes	: 46 bits physical, 48 bits virtual
power management:

processor	: 3
vendor_id	: GenuineIntel
cpu family	: 6
model		: 42
model name	: Intel Xeon E312xx (Sandy Bridge)
stepping	: 1
microcode	: 0x1
cpu MHz		: 3691.450
cache size	: 4096 KB
physical id	: 3
siblings	: 1
core id		: 0
cpu cores	: 1
apicid		: 3
initial apicid	: 3
fpu		: yes
fpu_exception	: yes
cpuid level	: 13
wp		: yes
flags		: fpu vme de pse tsc msr pae mce cx8 apic sep mtrr pge mca cmov pat pse36 clflush mmx fxsr sse sse2 ss syscall nx pdpe1gb rdtscp lm constant_tsc rep_good nopl eagerfpu pni pclmulqdq ssse3 fma cx16 pcid sse4_1 sse4_2 x2apic movbe popcnt tsc_deadline_timer aes xsave avx f16c rdrand hypervisor lahf_lm abm fsgsbase bmi1 avx2 smep bmi2 erms invpcid xsaveopt
bogomips	: 7382.90
clflush size	: 64
cache_alignment	: 64
address sizes	: 46 bits physical, 48 bits virtual
power management:



Memory: 4k page, physical 24524968k(18442440k free), swap 8191996k(8191996k free)

vm_info: OpenJDK 64-Bit Server VM (25.131-b11) for linux-amd64 JRE (1.8.0_131-b11), built on Apr 13 2017 18:00:20 by "mockbuild" with gcc 4.8.5 20150623 (Red Hat 4.8.5-11)

time: Fri Jul 13 12:49:35 2018
elapsed time: 74 seconds (0d 0h 1m 14s)

